<?xml version="1.0" encoding="UTF-8" ?>
<testsuite errors="0" failures="7" hostname="DESKTOP-492C1R2" name="dal.ProductDBContextTest" skipped="0" tests="22" time="1.695" timestamp="2024-06-28T02:13:55">
  <properties>
    <property name="libs.spring-framework300.classpath" value="C:\Program Files\NetBeans-17\netbeans\platform\modules\org-apache-commons-logging.jar;C:\Program Files\NetBeans-17\netbeans\java\modules\ext\cglib-2.2.jar;C:\Program Files\NetBeans-17\netbeans\java\modules\ext\spring-3.0\spring-aop-3.2.18.RELEASE.jar;C:\Program Files\NetBeans-17\netbeans\java\modules\ext\spring-3.0\spring-aspects-3.2.18.RELEASE.jar;C:\Program Files\NetBeans-17\netbeans\java\modules\ext\spring-3.0\spring-beans-3.2.18.RELEASE.jar;C:\Program Files\NetBeans-17\netbeans\java\modules\ext\spring-3.0\spring-context-3.2.18.RELEASE.jar;C:\Program Files\NetBeans-17\netbeans\java\modules\ext\spring-3.0\spring-context-support-3.2.18.RELEASE.jar;C:\Program Files\NetBeans-17\netbeans\java\modules\ext\spring-3.0\spring-core-3.2.18.RELEASE.jar;C:\Program Files\NetBeans-17\netbeans\java\modules\ext\spring-3.0\spring-expression-3.2.18.RELEASE.jar;C:\Program Files\NetBeans-17\netbeans\java\modules\ext\spring-3.0\spring-instrument-3.2.18.RELEASE.jar;C:\Program Files\NetBeans-17\netbeans\java\modules\ext\spring-3.0\spring-instrument-tomcat-3.2.18.RELEASE.jar;C:\Program Files\NetBeans-17\netbeans\java\modules\ext\spring-3.0\spring-jdbc-3.2.18.RELEASE.jar;C:\Program Files\NetBeans-17\netbeans\java\modules\ext\spring-3.0\spring-jms-3.2.18.RELEASE.jar;C:\Program Files\NetBeans-17\netbeans\java\modules\ext\spring-3.0\spring-orm-3.2.18.RELEASE.jar;C:\Program Files\NetBeans-17\netbeans\java\modules\ext\spring-3.0\spring-oxm-3.2.18.RELEASE.jar;C:\Program Files\NetBeans-17\netbeans\java\modules\ext\spring-3.0\spring-struts-3.2.18.RELEASE.jar;C:\Program Files\NetBeans-17\netbeans\java\modules\ext\spring-3.0\spring-test-3.2.18.RELEASE.jar;C:\Program Files\NetBeans-17\netbeans\java\modules\ext\spring-3.0\spring-tx-3.2.18.RELEASE.jar;C:\Program Files\NetBeans-17\netbeans\java\modules\ext\spring-3.0\spring-web-3.2.18.RELEASE.jar;C:\Program Files\NetBeans-17\netbeans\java\modules\ext\spring-3.0\spring-webmvc-3.2.18.RELEASE.jar;C:\Program Files\NetBeans-17\netbeans\java\modules\ext\spring-3.0\spring-webmvc-portlet-3.2.18.RELEASE.jar" />
    <property name="javac.test.classpath" value="D:\AzanShop (1)\AzanShop\lib\jakarta.servlet.jsp.jstl-2.0.0.jar:D:\AzanShop (1)\AzanShop\lib\jakarta.servlet.jsp.jstl-api-2.0.0.jar:D:\AzanShop (1)\AzanShop\lib\jaxb-api-2.1.jar:D:\AzanShop (1)\AzanShop\lib\sqljdbc42.jar:D:\AzanShop (1)\AzanShop\lib\jakarta.servlet.jsp.jstl-2.0.0.jar:D:\AzanShop (1)\AzanShop\lib\jakarta.servlet.jsp.jstl-api-2.0.0.jar:D:\AzanShop (1)\AzanShop\lib\jaxb-api-2.1.jar:D:\AzanShop (1)\AzanShop\lib\sqljdbc42.jar:D:\AzanShop (1)\AzanShop\lib\sqljdbc42.jar:build/web/WEB-INF/classes:C:\Program Files\NetBeans-17\netbeans\platform\modules\ext\junit-4.13.2.jar:C:\Program Files\NetBeans-17\netbeans\platform\modules\ext\hamcrest-core-1.3.jar" />
    <property name="java.specification.version" value="17" />
    <property name="libs.spring-framework500.classpath" value="C:\Program Files\NetBeans-17\netbeans\platform\modules\org-apache-commons-logging.jar;C:\Program Files\NetBeans-17\netbeans\java\modules\ext\cglib-2.2.jar;C:\Program Files\NetBeans-17\netbeans\java\modules\ext\spring-5\spring-aop-5.2.9.RELEASE.jar;C:\Program Files\NetBeans-17\netbeans\java\modules\ext\spring-5\spring-aspects-5.2.9.RELEASE.jar;C:\Program Files\NetBeans-17\netbeans\java\modules\ext\spring-5\spring-beans-5.2.9.RELEASE.jar;C:\Program Files\NetBeans-17\netbeans\java\modules\ext\spring-5\spring-context-5.2.9.RELEASE.jar;C:\Program Files\NetBeans-17\netbeans\java\modules\ext\spring-5\spring-context-indexer-5.2.9.RELEASE.jar;C:\Program Files\NetBeans-17\netbeans\java\modules\ext\spring-5\spring-context-support-5.2.9.RELEASE.jar;C:\Program Files\NetBeans-17\netbeans\java\modules\ext\spring-5\spring-core-5.2.9.RELEASE.jar;C:\Program Files\NetBeans-17\netbeans\java\modules\ext\spring-5\spring-expression-5.2.9.RELEASE.jar;C:\Program Files\NetBeans-17\netbeans\java\modules\ext\spring-5\spring-instrument-5.2.9.RELEASE.jar;C:\Program Files\NetBeans-17\netbeans\java\modules\ext\spring-5\spring-jcl-5.2.9.RELEASE.jar;C:\Program Files\NetBeans-17\netbeans\java\modules\ext\spring-5\spring-jdbc-5.2.9.RELEASE.jar;C:\Program Files\NetBeans-17\netbeans\java\modules\ext\spring-5\spring-jms-5.2.9.RELEASE.jar;C:\Program Files\NetBeans-17\netbeans\java\modules\ext\spring-5\spring-messaging-5.2.9.RELEASE.jar;C:\Program Files\NetBeans-17\netbeans\java\modules\ext\spring-5\spring-orm-5.2.9.RELEASE.jar;C:\Program Files\NetBeans-17\netbeans\java\modules\ext\spring-5\spring-oxm-5.2.9.RELEASE.jar;C:\Program Files\NetBeans-17\netbeans\java\modules\ext\spring-5\spring-test-5.2.9.RELEASE.jar;C:\Program Files\NetBeans-17\netbeans\java\modules\ext\spring-5\spring-tx-5.2.9.RELEASE.jar;C:\Program Files\NetBeans-17\netbeans\java\modules\ext\spring-5\spring-web-5.2.9.RELEASE.jar;C:\Program Files\NetBeans-17\netbeans\java\modules\ext\spring-5\spring-webflux-5.2.9.RELEASE.jar;C:\Program Files\NetBeans-17\netbeans\java\modules\ext\spring-5\spring-webmvc-5.2.9.RELEASE.jar;C:\Program Files\NetBeans-17\netbeans\java\modules\ext\spring-5\spring-websocket-5.2.9.RELEASE.jar" />
    <property name="j2ee.server.home" value="C:/Program Files/Apache Software Foundation/Tomcat 10.1" />
    <property name="libs.spring-webmvc4.0.javadoc" value="" />
    <property name="libs.spring-framework400.classpath" value="C:\Program Files\NetBeans-17\netbeans\platform\modules\org-apache-commons-logging.jar;C:\Program Files\NetBeans-17\netbeans\java\modules\ext\cglib-2.2.jar;C:\Program Files\NetBeans-17\netbeans\java\modules\ext\spring-4\spring-aop-4.3.29.RELEASE.jar;C:\Program Files\NetBeans-17\netbeans\java\modules\ext\spring-4\spring-aspects-4.3.29.RELEASE.jar;C:\Program Files\NetBeans-17\netbeans\java\modules\ext\spring-4\spring-beans-4.3.29.RELEASE.jar;C:\Program Files\NetBeans-17\netbeans\java\modules\ext\spring-4\spring-context-4.3.29.RELEASE.jar;C:\Program Files\NetBeans-17\netbeans\java\modules\ext\spring-4\spring-context-support-4.3.29.RELEASE.jar;C:\Program Files\NetBeans-17\netbeans\java\modules\ext\spring-4\spring-core-4.3.29.RELEASE.jar;C:\Program Files\NetBeans-17\netbeans\java\modules\ext\spring-4\spring-expression-4.3.29.RELEASE.jar;C:\Program Files\NetBeans-17\netbeans\java\modules\ext\spring-4\spring-instrument-4.3.29.RELEASE.jar;C:\Program Files\NetBeans-17\netbeans\java\modules\ext\spring-4\spring-instrument-tomcat-4.3.29.RELEASE.jar;C:\Program Files\NetBeans-17\netbeans\java\modules\ext\spring-4\spring-jdbc-4.3.29.RELEASE.jar;C:\Program Files\NetBeans-17\netbeans\java\modules\ext\spring-4\spring-jms-4.3.29.RELEASE.jar;C:\Program Files\NetBeans-17\netbeans\java\modules\ext\spring-4\spring-messaging-4.3.29.RELEASE.jar;C:\Program Files\NetBeans-17\netbeans\java\modules\ext\spring-4\spring-orm-4.3.29.RELEASE.jar;C:\Program Files\NetBeans-17\netbeans\java\modules\ext\spring-4\spring-oxm-4.3.29.RELEASE.jar;C:\Program Files\NetBeans-17\netbeans\java\modules\ext\spring-4\spring-test-4.3.29.RELEASE.jar;C:\Program Files\NetBeans-17\netbeans\java\modules\ext\spring-4\spring-tx-4.3.29.RELEASE.jar;C:\Program Files\NetBeans-17\netbeans\java\modules\ext\spring-4\spring-web-4.3.29.RELEASE.jar;C:\Program Files\NetBeans-17\netbeans\java\modules\ext\spring-4\spring-webmvc-4.3.29.RELEASE.jar;C:\Program Files\NetBeans-17\netbeans\java\modules\ext\spring-4\spring-webmvc-portlet-4.3.29.RELEASE.jar;C:\Program Files\NetBeans-17\netbeans\java\modules\ext\spring-4\spring-websocket-4.3.29.RELEASE.jar" />
    <property name="test.binaryincludes" value="&lt;nothing&gt;" />
    <property name="jspc.dtds" value="/resources/dtds/" />
    <property name="debug-transport" value="dt_shmem" />
    <property name="j2ee.platform.classpath" value="C:/Program Files/Apache Software Foundation/Tomcat 10.1/bin/tomcat-juli.jar:C:/Program Files/Apache Software Foundation/Tomcat 10.1/lib/annotations-api.jar:C:/Program Files/Apache Software Foundation/Tomcat 10.1/lib/catalina-ant.jar:C:/Program Files/Apache Software Foundation/Tomcat 10.1/lib/catalina-ha.jar:C:/Program Files/Apache Software Foundation/Tomcat 10.1/lib/catalina-ssi.jar:C:/Program Files/Apache Software Foundation/Tomcat 10.1/lib/catalina-storeconfig.jar:C:/Program Files/Apache Software Foundation/Tomcat 10.1/lib/catalina-tribes.jar:C:/Program Files/Apache Software Foundation/Tomcat 10.1/lib/catalina.jar:C:/Program Files/Apache Software Foundation/Tomcat 10.1/lib/ecj-4.27.jar:C:/Program Files/Apache Software Foundation/Tomcat 10.1/lib/el-api.jar:C:/Program Files/Apache Software Foundation/Tomcat 10.1/lib/jakartaee-migration-1.0.7-shaded.jar:C:/Program Files/Apache Software Foundation/Tomcat 10.1/lib/jasper-el.jar:C:/Program Files/Apache Software Foundation/Tomcat 10.1/lib/jasper.jar:C:/Program Files/Apache Software Foundation/Tomcat 10.1/lib/jaspic-api.jar:C:/Program Files/Apache Software Foundation/Tomcat 10.1/lib/jsp-api.jar:C:/Program Files/Apache Software Foundation/Tomcat 10.1/lib/servlet-api.jar:C:/Program Files/Apache Software Foundation/Tomcat 10.1/lib/tomcat-api.jar:C:/Program Files/Apache Software Foundation/Tomcat 10.1/lib/tomcat-coyote.jar:C:/Program Files/Apache Software Foundation/Tomcat 10.1/lib/tomcat-dbcp.jar:C:/Program Files/Apache Software Foundation/Tomcat 10.1/lib/tomcat-i18n-cs.jar:C:/Program Files/Apache Software Foundation/Tomcat 10.1/lib/tomcat-i18n-de.jar:C:/Program Files/Apache Software Foundation/Tomcat 10.1/lib/tomcat-i18n-es.jar:C:/Program Files/Apache Software Foundation/Tomcat 10.1/lib/tomcat-i18n-fr.jar:C:/Program Files/Apache Software Foundation/Tomcat 10.1/lib/tomcat-i18n-ja.jar:C:/Program Files/Apache Software Foundation/Tomcat 10.1/lib/tomcat-i18n-ko.jar:C:/Program Files/Apache Software Foundation/Tomcat 10.1/lib/tomcat-i18n-pt-BR.jar:C:/Program Files/Apache Software Foundation/Tomcat 10.1/lib/tomcat-i18n-ru.jar:C:/Program Files/Apache Software Foundation/Tomcat 10.1/lib/tomcat-i18n-zh-CN.jar:C:/Program Files/Apache Software Foundation/Tomcat 10.1/lib/tomcat-jdbc.jar:C:/Program Files/Apache Software Foundation/Tomcat 10.1/lib/tomcat-jni.jar:C:/Program Files/Apache Software Foundation/Tomcat 10.1/lib/tomcat-util-scan.jar:C:/Program Files/Apache Software Foundation/Tomcat 10.1/lib/tomcat-util.jar:C:/Program Files/Apache Software Foundation/Tomcat 10.1/lib/tomcat-websocket.jar:C:/Program Files/Apache Software Foundation/Tomcat 10.1/lib/websocket-api.jar:C:/Program Files/Apache Software Foundation/Tomcat 10.1/lib/websocket-client-api.jar" />
    <property name="libs.javaee-web-api-8.0.src" value="" />
    <property name="java.vendor.url" value="https://java.oracle.com/" />
    <property name="libs.eclipselink.javadoc" value="C:\Program Files\NetBeans-17\netbeans\java\modules\ext\docs\jakarta.persistence-2.2.3-doc.zip" />
    <property name="libs.jsp-compilation.src" value="" />
    <property name="libs.JWSAntTasks.javadoc" value="" />
    <property name="do.war.package.with.custom.manifest" value="true" />
    <property name="sun.boot.library.path" value="C:\Program Files\Java\jdk-17\bin" />
    <property name="sun.java.command" value="org.apache.tools.ant.taskdefs.optional.junit.JUnitTestRunner dal.ProductDBContextTest skipNonTests=false filtertrace=true haltOnError=false haltOnFailure=false showoutput=true outputtoformatters=true logfailedtests=true threadid=0 logtestlistenerevents=true formatter=org.apache.tools.ant.taskdefs.optional.junit.BriefJUnitResultFormatter formatter=org.apache.tools.ant.taskdefs.optional.junit.XMLJUnitResultFormatter,D:\AzanShop (1)\AzanShop\build\test\results\TEST-dal.ProductDBContextTest.xml crashfile=D:\AzanShop (1)\AzanShop\build\junitvmwatcher7707370012627471417.properties propsfile=D:\AzanShop (1)\AzanShop\build\junit16646984374828169080.properties" />
    <property name="jdk.debug" value="release" />
    <property name="j2ee.platform.embeddableejb.classpath" value="" />
    <property name="libs.spring-framework300.src" value="" />
    <property name="javadoc.use" value="true" />
    <property name="javadoc.notree" value="false" />
    <property name="basedir" value="D:\AzanShop (1)\AzanShop" />
    <property name="forceRedeploy" value="false" />
    <property name="java.vm.specification.vendor" value="Oracle Corporation" />
    <property name="java.specification.name" value="Java Platform API Specification" />
    <property name="libs.jsf20.classpath" value="C:\Program Files\NetBeans-17\netbeans\enterprise\modules\ext\jsf-2_2\javax.faces.jar" />
    <property name="j2ee.copy.static.files.on.save" value="true" />
    <property name="netbeans.extbrowser.manual_chrome_plugin_install" value="yes" />
    <property name="libs.jakartaee-api-10.0.maven-pom" value="" />
    <property name="netbeans.default_userdir_root" value="C:\Users\viet1\AppData\Roaming\NetBeans" />
    <property name="libs.spring-framework500.javadoc" value="" />
    <property name="libs.jsp-compilation-syscp.src" value="" />
    <property name="application.args.param" value="" />
    <property name="jdk.home" value="C:\Program Files\Java\jdk-17" />
    <property name="java.runtime.version" value="17.0.9+11-LTS-201" />
    <property name="libs.eclipselink.maven-pom" value="" />
    <property name="libs.metro.maven-pom" value="" />
    <property name="libs.JAXB-ENDORSED.javadoc" value="" />
    <property name="sun.java2d.noddraw" value="true" />
    <property name="sun.zip.disableMemoryMapping" value="true" />
    <property name="guice.disable.misplaced.annotation.check" value="true" />
    <property name="libs.jsf12.src" value="" />
    <property name="libs.jsp-compilation.javadoc" value="" />
    <property name="libs.primefaces.javadoc" value="" />
    <property name="libs.groovy-all.maven-pom" value="" />
    <property name="libs.restapi.src" value="" />
    <property name="libs.junit_5.javadoc" value="C:\Program Files\NetBeans-17\netbeans\platform\docs\junit-jupiter-api-5.6.0-javadoc.jar;C:\Program Files\NetBeans-17\netbeans\platform\docs\junit-jupiter-params-5.6.0-javadoc.jar;C:\Program Files\NetBeans-17\netbeans\platform\docs\junit-jupiter-engine-5.6.0-javadoc.jar" />
    <property name="dist.archive.excludes" value="" />
    <property name="java.io.tmpdir" value="C:\Users\viet1\AppData\Local\Temp\" />
    <property name="java.version" value="17.0.9" />
    <property name="dist.ear.war" value="dist/AzanShop.war" />
    <property name="libs.jakartaee-api-8.0.javadoc" value="C:\Program Files\NetBeans-17\netbeans\enterprise\docs\jakartaee8-doc-api.jar" />
    <property name="java.vm.specification.name" value="Java Virtual Machine Specification" />
    <property name="lib.dir" value="web/WEB-INF/lib" />
    <property name="native.encoding" value="Cp1252" />
    <property name="libs.hamcrest.src" value="" />
    <property name="java.library.path" value="C:\Program Files\Java\jdk-17\bin;C:\Windows\Sun\Java\bin;C:\Windows\system32;C:\Windows;C:\Program Files\OpenLogic\jdk-8.0.412.08-hotspot\bin;C:\Program Files\Common Files\Oracle\Java\javapath;C:\Program Files (x86)\VMware\VMware Player\bin\;C:\Program Files (x86)\Common Files\Oracle\Java\javapath;C:\Program Files (x86)\Intel\iCLS Client\;C:\Program Files\Intel\iCLS Client\;C:\Windows\system32;C:\Windows;C:\Windows\System32\Wbem;C:\Windows\System32\WindowsPowerShell\v1.0\;C:\Program Files (x86)\Intel\Intel(R) Management Engine Components\DAL;C:\Program Files\Intel\Intel(R) Management Engine Components\DAL;C:\Program Files (x86)\Intel\Intel(R) Management Engine Components\IPT;C:\Program Files\Intel\Intel(R) Management Engine Components\IPT;C:\Program Files\Intel\WiFi\bin\;C:\Program Files\Common Files\Intel\WirelessCommon\;C:\Windows\System32\OpenSSH\;C:\MinGW\bin;C:\Program Files\Java\jdk-20\bin;C:\Program Files (x86)\Microsoft SQL Server\160\Tools\Binn\;C:\Program Files\Microsoft SQL Server\160\Tools\Binn\;C:\Program Files\Microsoft SQL Server\Client SDK\ODBC\170\Tools\Binn\;C:\Program Files\Microsoft SQL Server\160\DTS\Binn\;C:\Program Files\Azure Data Studio\bin;C:\Program Files (x86)\Microsoft SQL Server\160\DTS\Binn\;C:\Program Files\Git\cmd;C:\Program Files\nodejs\;C:\Users\viet1\AppData\Local\Microsoft\WindowsApps;C:\Users\viet1\AppData\Local\Programs\Microsoft VS Code\bin;C:\Program Files\Azure Data Studio\bin;C:\Program Files\JetBrains\IntelliJ IDEA 2024.1.1\bin;;C:\Program Files\JetBrains\WebStorm 2024.1.2\bin;;C:\Users\viet1\AppData\Roaming\npm;." />
    <property name="java.vendor" value="Oracle Corporation" />
    <property name="libs.testng.javadoc" value="C:\Program Files\NetBeans-17\netbeans\platform\docs\testng-6.13.1-javadoc.jar" />
    <property name="libs.groovy-all.src" value="" />
    <property name="libs.testng.maven-pom" value="" />
    <property name="org.openide.version" value="deprecated" />
    <property name="test.includes" value="dal/ProductDBContextTest.java" />
    <property name="libs.JAVADB_DRIVER_LABEL.src" value="" />
    <property name="libs.jaxb.src" value="" />
    <property name="test.src.dir" value="test" />
    <property name="sun.awt.enableExtraMouseButtons" value="true" />
    <property name="org.openide.major.version" value="IDE/1" />
    <property name="libs.spring-framework300.javadoc" value="" />
    <property name="ap.proc.none.internal" value="" />
    <property name="build.web.excludes" value="**/*.java,**/*.form" />
    <property name="org.openide.specification.version" value="6.2" />
    <property name="user.timezone" value="Asia/Saigon" />
    <property name="libs.jpa20-persistence.classpath" value="C:\Program Files\NetBeans-17\netbeans\java\modules\ext\eclipselink\jakarta.persistence-2.2.3.jar" />
    <property name="libs.eclipselinkmodelgen.javadoc" value="" />
    <property name="libs.junit_5.classpath" value="C:\Program Files\NetBeans-17\netbeans\platform\modules\ext\junit-jupiter-api-5.6.0.jar;C:\Program Files\NetBeans-17\netbeans\platform\modules\ext\junit-jupiter-params-5.6.0.jar;C:\Program Files\NetBeans-17\netbeans\platform\modules\ext\junit-jupiter-engine-5.6.0.jar" />
    <property name="java.vm.specification.version" value="17" />
    <property name="javadoc.noindex" value="false" />
    <property name="javadoc.private" value="false" />
    <property name="libs.spring-webmvc4.0.maven-pom" value="" />
    <property name="libs.JAXB-ENDORSED.maven-pom" value="" />
    <property name="user.home" value="C:\Users\viet1" />
    <property name="libs.eclipselinkmodelgen.maven-pom" value="" />
    <property name="have.sources" value="true" />
    <property name="annotation.processing.processors.list" value="" />
    <property name="javac.deprecation" value="false" />
    <property name="file.reference.jaxb-api-2.1.jar" value="D:\AzanShop (1)\AzanShop\lib\jaxb-api-2.1.jar" />
    <property name="build.generated.sources.dir" value="build/generated-sources" />
    <property name="plugin.manager.check.updates" value="false" />
    <property name="j2ee.server.domain" value="C:/Users/NCC/AppData/Roaming/NetBeans/13/config/GF_4.1.1/domain1" />
    <property name="netbeans.autoupdate.language" value="en" />
    <property name="build.compiler.emacs" value="true" />
    <property name="libs.eclipselinkmodelgen.src" value="" />
    <property name="build.classes.excludes" value="**/*.java,**/*.form" />
    <property name="libs.jakartaee-web-api-9.0.classpath" value="C:\Program Files\NetBeans-17\netbeans\enterprise\modules\ext\jakarta.jakartaee-web-api-9.0.0.jar" />
    <property name="libs.spring-webmvc4.0.classpath" value="C:\Program Files\NetBeans-17\netbeans\java\modules\ext\spring-4\spring-webmvc-4.3.29.RELEASE.jar" />
    <property name="libs.javaee-endorsed-api-7.0.javadoc" value="C:\Program Files\NetBeans-17\netbeans\enterprise\docs\javaee-doc-api.jar" />
    <property name="jna.nosys" value="false" />
    <property name="os.version" value="10.0" />
    <property name="netbeans.home" value="C:\Program Files\NetBeans-17\netbeans\platform" />
    <property name="j2ee.server.middleware" value="C:/Program Files/glassfish-4.1.1" />
    <property name="libs.CopyLibs.javadoc" value="" />
    <property name="debug-transport-by-os" value="dt_shmem" />
    <property name="libs.javaee-api-8.0.javadoc" value="C:\Program Files\NetBeans-17\netbeans\enterprise\docs\javaee-doc-api.jar" />
    <property name="libs.jsf20.src" value="" />
    <property name="java.vm.name" value="Java HotSpot(TM) 64-Bit Server VM" />
    <property name="libs.jakartaee-api-10.0.javadoc" value="C:\Program Files\NetBeans-17\netbeans\enterprise\docs\jakartaee10-doc-api.jar" />
    <property name="libs.jstl.javadoc" value="C:\Program Files\NetBeans-17\netbeans\enterprise\docs\javaee-doc-api.jar" />
    <property name="libs.javaee-endorsed-api-7.0.maven-pom" value="" />
    <property name="libs.jaxws21.classpath" value="C:\Program Files\NetBeans-17\netbeans\java\modules\ext\jaxws22\api\jakarta.jws-api.jar;C:\Program Files\NetBeans-17\netbeans\java\modules\ext\jaxws22\api\jakarta.xml.soap-api.jar;C:\Program Files\NetBeans-17\netbeans\java\modules\ext\jaxws22\api\jakarta.xml.ws-api.jar;C:\Program Files\NetBeans-17\netbeans\java\modules\ext\jaxws22\FastInfoset.jar;C:\Program Files\NetBeans-17\netbeans\java\modules\ext\jaxws22\gmbal-api-only.jar;C:\Program Files\NetBeans-17\netbeans\java\modules\ext\jaxws22\ha-api.jar;C:\Program Files\NetBeans-17\netbeans\java\modules\ext\jaxws22\jakarta.mail.jar;C:\Program Files\NetBeans-17\netbeans\java\modules\ext\jaxws22\jaxws-rt.jar;C:\Program Files\NetBeans-17\netbeans\java\modules\ext\jaxws22\jaxws-tools.jar;C:\Program Files\NetBeans-17\netbeans\java\modules\ext\jaxws22\management-api.jar;C:\Program Files\NetBeans-17\netbeans\java\modules\ext\jaxws22\mimepull.jar;C:\Program Files\NetBeans-17\netbeans\java\modules\ext\jaxws22\policy.jar;C:\Program Files\NetBeans-17\netbeans\java\modules\ext\jaxws22\saaj-impl.jar;C:\Program Files\NetBeans-17\netbeans\java\modules\ext\jaxws22\stax-ex.jar;C:\Program Files\NetBeans-17\netbeans\java\modules\ext\jaxws22\stax2-api.jar;C:\Program Files\NetBeans-17\netbeans\java\modules\ext\jaxws22\streambuffer.jar;C:\Program Files\NetBeans-17\netbeans\java\modules\ext\jaxws22\woodstox-core.jar;C:\Program Files\NetBeans-17\netbeans\ide\modules\ext\jaxb\api\jaxb-api.jar;C:\Program Files\NetBeans-17\netbeans\ide\modules\ext\jaxb\activation.jar;C:\Program Files\NetBeans-17\netbeans\ide\modules\ext\jaxb\jaxb-impl.jar;C:\Program Files\NetBeans-17\netbeans\ide\modules\ext\jaxb\jaxb-xjc.jar" />
    <property name="libs.restapi.classpath" value="C:\Program Files\NetBeans-17\netbeans\enterprise\modules\ext\jaxrs-2.1\jakarta.ws.rs-api-2.1.6.jar" />
    <property name="os.arch" value="amd64" />
    <property name="build.generated.dir" value="build/generated" />
    <property name="libs.groovy-all.javadoc" value="" />
    <property name="libs.jakartaee-api-8.0.classpath" value="C:\Program Files\NetBeans-17\netbeans\enterprise\modules\ext\jakarta.jakartaee-api-8.0.0.jar" />
    <property name="libs.javaee-web-api-7.0.javadoc" value="C:\Program Files\NetBeans-17\netbeans\enterprise\docs\javaee-doc-api.jar" />
    <property name="libs.javaee-endorsed-api-6.0.src" value="" />
    <property name="libs.jsf12.maven-pom" value="" />
    <property name="libs.javaee-endorsed-api-7.0.classpath" value="C:\Program Files\NetBeans-17\netbeans\enterprise\modules\ext\javaee7-endorsed\javax.annotation-api.jar;C:\Program Files\NetBeans-17\netbeans\enterprise\modules\ext\javaee7-endorsed\javax.xml.soap-api.jar;C:\Program Files\NetBeans-17\netbeans\enterprise\modules\ext\javaee7-endorsed\jaxb-api-osgi.jar;C:\Program Files\NetBeans-17\netbeans\enterprise\modules\ext\javaee7-endorsed\jaxws-api.jar;C:\Program Files\NetBeans-17\netbeans\enterprise\modules\ext\javaee7-endorsed\jsr181-api.jar" />
    <property name="org.netbeans.io.suspend" value="0" />
    <property name="libs.primefaces.maven-pom" value="" />
    <property name="directory.deployment.supported" value="true" />
    <property name="ant.file.type.AzanShop-impl" value="file" />
    <property name="ant.project.name" value="AzanShop" />
    <property name="dist.javadoc.dir" value="dist/javadoc" />
    <property name="default.javac.target" value="17" />
    <property name="javac.fork" value="false" />
    <property name="libs.eclipselink.classpath" value="C:\Program Files\NetBeans-17\netbeans\java\modules\ext\eclipselink\org.eclipse.persistence.core-2.7.10.jar;C:\Program Files\NetBeans-17\netbeans\java\modules\ext\eclipselink\org.eclipse.persistence.asm-9.2.0.jar;C:\Program Files\NetBeans-17\netbeans\java\modules\ext\eclipselink\org.eclipse.persistence.antlr-2.7.10.jar;C:\Program Files\NetBeans-17\netbeans\java\modules\ext\eclipselink\org.eclipse.persistence.jpa-2.7.10.jar;C:\Program Files\NetBeans-17\netbeans\java\modules\ext\eclipselink\org.eclipse.persistence.jpa.jpql-2.7.10.jar;C:\Program Files\NetBeans-17\netbeans\java\modules\ext\eclipselink\org.eclipse.persistence.moxy-2.7.10.jar;C:\Program Files\NetBeans-17\netbeans\java\modules\ext\eclipselink\jakarta.persistence-2.2.3.jar" />
    <property name="libs.Comet-GlassFish-v3.classpath" value="" />
    <property name="selected.browser" value="Chrome" />
    <property name="libs.Comet-GlassFish-v3.javadoc" value="" />
    <property name="libs.struts.classpath" value="C:\Program Files\NetBeans-17\netbeans\enterprise\modules\ext\struts\antlr-2.7.2.jar;C:\Program Files\NetBeans-17\netbeans\enterprise\modules\ext\struts\bsf-2.3.0.jar;C:\Program Files\NetBeans-17\netbeans\enterprise\modules\ext\struts\commons-beanutils-1.8.0.jar;C:\Program Files\NetBeans-17\netbeans\enterprise\modules\ext\struts\commons-chain-1.2.jar;C:\Program Files\NetBeans-17\netbeans\enterprise\modules\ext\struts\commons-digester-1.8.jar;C:\Program Files\NetBeans-17\netbeans\enterprise\modules\ext\struts\commons-fileupload-1.1.1.jar;C:\Program Files\NetBeans-17\netbeans\enterprise\modules\ext\struts\commons-io-1.1.jar;C:\Program Files\NetBeans-17\netbeans\enterprise\modules\ext\struts\commons-logging-1.0.4.jar;C:\Program Files\NetBeans-17\netbeans\enterprise\modules\ext\struts\commons-validator-1.3.1.jar;C:\Program Files\NetBeans-17\netbeans\enterprise\modules\ext\struts\jstl-1.0.2.jar;C:\Program Files\NetBeans-17\netbeans\enterprise\modules\ext\struts\oro-2.0.8.jar;C:\Program Files\NetBeans-17\netbeans\enterprise\modules\ext\struts\standard-1.0.6.jar;C:\Program Files\NetBeans-17\netbeans\enterprise\modules\ext\struts\struts-core-1.3.10.jar;C:\Program Files\NetBeans-17\netbeans\enterprise\modules\ext\struts\struts-el-1.3.10.jar;C:\Program Files\NetBeans-17\netbeans\enterprise\modules\ext\struts\struts-extras-1.3.10.jar;C:\Program Files\NetBeans-17\netbeans\enterprise\modules\ext\struts\struts-faces-1.3.10.jar;C:\Program Files\NetBeans-17\netbeans\enterprise\modules\ext\struts\struts-mailreader-dao-1.3.10.jar;C:\Program Files\NetBeans-17\netbeans\enterprise\modules\ext\struts\struts-scripting-1.3.10.jar;C:\Program Files\NetBeans-17\netbeans\enterprise\modules\ext\struts\struts-taglib-1.3.10.jar;C:\Program Files\NetBeans-17\netbeans\enterprise\modules\ext\struts\struts-tiles-1.3.10.jar" />
    <property name="libs.EclipseLink-GlassFish-v3.src" value="" />
    <property name="libs.PostgreSQLDriver.maven-pom" value="" />
    <property name="libs.absolutelayout.src" value="" />
    <property name="testng.mode" value="testng" />
    <property name="j2ee.server.instance" value="tomcat101:home=C:\Program Files\Apache Software Foundation\Tomcat 10.1" />
    <property name="annotation.processing.enabled.in.editor" value="true" />
    <property name="java.vm.compressedOopsMode" value="32-bit" />
    <property name="j2ee.compile.on.save" value="false" />
    <property name="netbeans.productversion" value="Apache NetBeans IDE 17" />
    <property name="libs.javaee-web-api-6.0.javadoc" value="C:\Program Files\NetBeans-17\netbeans\enterprise\docs\javaee-doc-api.jar" />
    <property name="libs.javaee-api-7.0.maven-pom" value="" />
    <property name="libs.groovy-all.classpath" value="C:\Program Files\NetBeans-17\netbeans\groovy\modules\ext\groovy-3.0.8.jar;C:\Program Files\NetBeans-17\netbeans\groovy\modules\ext\groovy-ant-3.0.8.jar" />
    <property name="libs.absolutelayout.javadoc" value="" />
    <property name="libs.Java-EE-GlassFish-v3-Prelude.javadoc" value="C:\Program Files\NetBeans-17\netbeans\enterprise\docs\javaee-doc-api.jar" />
    <property name="libs.Java-EE-GlassFish-v3-Prelude.maven-pom" value="" />
    <property name="libs.jaxb.maven-pom" value="" />
    <property name="libs.javaee-api-6.0.maven-pom" value="" />
    <property name="dist.dir" value="dist" />
    <property name="build.dir" value="build" />
    <property name="libs.graaljs.maven-pom" value="" />
    <property name="netbeans.autoupdate.variant" value="" />
    <property name="ant.file.type.AzanShop" value="file" />
    <property name="javadoc.version" value="false" />
    <property name="libs.metro.src" value="" />
    <property name="libs.metro.classpath" value="C:\Program Files\NetBeans-17\netbeans\ide\modules\ext\jaxb\activation.jar;C:\Program Files\NetBeans-17\netbeans\enterprise\modules\ext\metro\webservices-api.jar;C:\Program Files\NetBeans-17\netbeans\enterprise\modules\ext\metro\webservices-extra-api.jar;C:\Program Files\NetBeans-17\netbeans\enterprise\modules\ext\metro\webservices-extra.jar;C:\Program Files\NetBeans-17\netbeans\enterprise\modules\ext\metro\webservices-rt.jar;C:\Program Files\NetBeans-17\netbeans\enterprise\modules\ext\metro\webservices-tools.jar" />
    <property name="libs.CopyLibs.classpath" value="C:\Program Files\NetBeans-17\netbeans\java\ant\extra\org-netbeans-modules-java-j2seproject-copylibstask.jar" />
    <property name="sun.os.patch.level" value="" />
    <property name="deploy.ant.properties.file" value="C:\Users\viet1\AppData\Roaming\NetBeans\17\tomcat101.properties" />
    <property name="javac.test.processorpath" value="D:\AzanShop (1)\AzanShop\lib\jakarta.servlet.jsp.jstl-2.0.0.jar:D:\AzanShop (1)\AzanShop\lib\jakarta.servlet.jsp.jstl-api-2.0.0.jar:D:\AzanShop (1)\AzanShop\lib\jaxb-api-2.1.jar:D:\AzanShop (1)\AzanShop\lib\sqljdbc42.jar:D:\AzanShop (1)\AzanShop\lib\jakarta.servlet.jsp.jstl-2.0.0.jar:D:\AzanShop (1)\AzanShop\lib\jakarta.servlet.jsp.jstl-api-2.0.0.jar:D:\AzanShop (1)\AzanShop\lib\jaxb-api-2.1.jar:D:\AzanShop (1)\AzanShop\lib\sqljdbc42.jar:D:\AzanShop (1)\AzanShop\lib\sqljdbc42.jar:build/web/WEB-INF/classes:C:\Program Files\NetBeans-17\netbeans\platform\modules\ext\junit-4.13.2.jar:C:\Program Files\NetBeans-17\netbeans\platform\modules\ext\hamcrest-core-1.3.jar" />
    <property name="libs.javaee-web-api-7.0.maven-pom" value="" />
    <property name="libs.javaee-web-api-8.0.maven-pom" value="" />
    <property name="netbeans.dirs" value="C:\Program Files\NetBeans-17\netbeans\nb;C:\Program Files\NetBeans-17\netbeans\ergonomics;C:\Program Files\NetBeans-17\netbeans\ide;C:\Program Files\NetBeans-17\netbeans\extide;C:\Program Files\NetBeans-17\netbeans\java;C:\Program Files\NetBeans-17\netbeans\apisupport;C:\Program Files\NetBeans-17\netbeans\webcommon;C:\Program Files\NetBeans-17\netbeans\websvccommon;C:\Program Files\NetBeans-17\netbeans\enterprise;C:\Program Files\NetBeans-17\netbeans\mobility;C:\Program Files\NetBeans-17\netbeans\profiler;C:\Program Files\NetBeans-17\netbeans\python;C:\Program Files\NetBeans-17\netbeans\php;C:\Program Files\NetBeans-17\netbeans\identity;C:\Program Files\NetBeans-17\netbeans\harness;C:\Program Files\NetBeans-17\netbeans\cnd;C:\Program Files\NetBeans-17\netbeans\cndext;C:\Program Files\NetBeans-17\netbeans\cpplite;C:\Program Files\NetBeans-17\netbeans\dlight;C:\Program Files\NetBeans-17\netbeans\groovy;C:\Program Files\NetBeans-17\netbeans\extra;C:\Program Files\NetBeans-17\netbeans\javacard;C:\Program Files\NetBeans-17\netbeans\javafx" />
    <property name="libs.JAVADB_DRIVER_LABEL.javadoc" value="" />
    <property name="libs.hamcrest.maven-pom" value="" />
    <property name="javac.processorpath" value="D:\AzanShop (1)\AzanShop\lib\jakarta.servlet.jsp.jstl-2.0.0.jar:D:\AzanShop (1)\AzanShop\lib\jakarta.servlet.jsp.jstl-api-2.0.0.jar:D:\AzanShop (1)\AzanShop\lib\jaxb-api-2.1.jar:D:\AzanShop (1)\AzanShop\lib\sqljdbc42.jar:D:\AzanShop (1)\AzanShop\lib\jakarta.servlet.jsp.jstl-2.0.0.jar:D:\AzanShop (1)\AzanShop\lib\jakarta.servlet.jsp.jstl-api-2.0.0.jar:D:\AzanShop (1)\AzanShop\lib\jaxb-api-2.1.jar:D:\AzanShop (1)\AzanShop\lib\sqljdbc42.jar:D:\AzanShop (1)\AzanShop\lib\sqljdbc42.jar" />
    <property name="libs.javaee-api-6.0.javadoc" value="C:\Program Files\NetBeans-17\netbeans\enterprise\docs\javaee-doc-api.jar" />
    <property name="file.reference.jaxb-api-2.1.jar-1" value="D:\AzanShop (1)\AzanShop\lib\jaxb-api-2.1.jar" />
    <property name="libs.JWSAntTasks.maven-pom" value="" />
    <property name="apple.laf.useScreenMenuBar" value="true" />
    <property name="sun.java.launcher" value="SUN_STANDARD" />
    <property name="user.country" value="US" />
    <property name="jspc.schemas" value="/resources/schemas/" />
    <property name="libs.jakartaee-api-9.0.maven-pom" value="" />
    <property name="libs.restapi.javadoc" value="" />
    <property name="libs.jpa20-persistence.src" value="" />
    <property name="display.browser" value="true" />
    <property name="endorsed.classpath" value="C:\Program Files\NetBeans-17\netbeans\enterprise\modules\ext\javaee7-endorsed\javax.annotation-api.jar;C:\Program Files\NetBeans-17\netbeans\enterprise\modules\ext\javaee7-endorsed\javax.xml.soap-api.jar;C:\Program Files\NetBeans-17\netbeans\enterprise\modules\ext\javaee7-endorsed\jaxb-api-osgi.jar;C:\Program Files\NetBeans-17\netbeans\enterprise\modules\ext\javaee7-endorsed\jaxws-api.jar;C:\Program Files\NetBeans-17\netbeans\enterprise\modules\ext\javaee7-endorsed\jsr181-api.jar" />
    <property name="libs.spring-webmvc3.0.maven-pom" value="" />
    <property name="do.debug.server" value="true" />
    <property name="includes" value="**" />
    <property name="do.display.browser" value="true" />
    <property name="libs.jsf12.javadoc" value="C:\Program Files\NetBeans-17\netbeans\enterprise\docs\javaee-doc-api.jar" />
    <property name="libs.hamcrest.classpath" value="C:\Program Files\NetBeans-17\netbeans\platform\modules\ext\hamcrest-core-1.3.jar" />
    <property name="javadoc.splitindex" value="true" />
    <property name="libs.JWSAntTasks.classpath" value="C:\Program Files\NetBeans-17\netbeans\java\ant\extra\org-netbeans-modules-javawebstart-anttasks.jar" />
    <property name="junit.available" value="true" />
    <property name="javadoc.encoding" value="UTF-8" />
    <property name="j2ee.platform" value="10-web" />
    <property name="netbeans.hash.code" value="unique=NB_EXTIDE_JAVA_PHP_WEBCOMMON_WEBEE0dccecd52-2d1e-43d5-9820-f96c88123603_8589ea85-de3d-4ee1-9a45-1e246834913e" />
    <property name="libs.jstl.src" value="" />
    <property name="libs.jsp-compilation-syscp.maven-pom" value="" />
    <property name="libs.spring-webmvc3.0.classpath" value="C:\Program Files\NetBeans-17\netbeans\java\modules\ext\spring-3.0\spring-webmvc-3.2.18.RELEASE.jar" />
    <property name="java.runtime.name" value="Java(TM) SE Runtime Environment" />
    <property name="libs.jaxb.javadoc" value="C:\Program Files\NetBeans-17\netbeans\ide\docs\jaxb-api-doc.jar" />
    <property name="libs.spring-framework500.maven-pom" value="" />
    <property name="run.jvmargs.ide" value="" />
    <property name="file.reference.jakarta.servlet.jsp.jstl-api-2.0.0.jar" value="D:\AzanShop (1)\AzanShop\lib\jakarta.servlet.jsp.jstl-api-2.0.0.jar" />
    <property name="ant.core.lib" value="C:\Program Files\NetBeans-17\netbeans\extide\ant\lib\ant.jar" />
    <property name="file.reference.jakarta.servlet.jsp.jstl-2.0.0.jar-1" value="D:\AzanShop (1)\AzanShop\lib\jakarta.servlet.jsp.jstl-2.0.0.jar" />
    <property name="libs.jsp-compilation.maven-pom" value="" />
    <property name="libs.jakartaee-api-9.0.classpath" value="C:\Program Files\NetBeans-17\netbeans\enterprise\modules\ext\jakarta.jakartaee-api-9.0.0.jar" />
    <property name="libs.jakartaee-api-10.0.src" value="" />
    <property name="ignore.failing.tests" value="true" />
    <property name="libs.PostgreSQLDriver.javadoc" value="" />
    <property name="libs.jsp-compilation-syscp.classpath" value="C:\Program Files\NetBeans-17\netbeans\extide\ant\lib\ant.jar;C:\Program Files\NetBeans-17\netbeans\enterprise\modules\ext\servlet3.1-jsp2.3-api.jar;C:\Program Files\NetBeans-17\netbeans\enterprise\modules\ext\glassfish-jspparser-4.0.jar;C:\Program Files\NetBeans-17\netbeans\enterprise\modules\ext\jstl-impl.jar;C:\Program Files\NetBeans-17\netbeans\enterprise\modules\ext\jsf-2_2\javax.faces.jar" />
    <property name="libs.jsp-compilation.classpath" value="C:\Program Files\NetBeans-17\netbeans\extide\ant\lib\ant.jar;C:\Program Files\NetBeans-17\netbeans\enterprise\modules\ext\servlet3.1-jsp2.3-api.jar;C:\Program Files\NetBeans-17\netbeans\enterprise\modules\ext\glassfish-jspparser-4.0.jar;C:\Program Files\NetBeans-17\netbeans\enterprise\modules\ext\jsf-2_2\javax.faces.jar;C:\Program Files\NetBeans-17\netbeans\enterprise\modules\ext\jstl-api.jar;C:\Program Files\NetBeans-17\netbeans\extide\ant\lib\ant-launcher.jar" />
    <property name="war.ear.name" value="AzanShop.war" />
    <property name="libs.Java-EE-GlassFish-v3-Prelude.classpath" value="D:\glassfish-4.1.1\glassfish\modules\endorsed\javax.annotation-api.jar;D:\glassfish-4.1.1\glassfish\modules\endorsed\jaxb-api.jar;D:\glassfish-4.1.1\glassfish\modules\endorsed\webservices-api-osgi.jar;D:\glassfish-4.1.1\glassfish\modules\bean-validator.jar;D:\glassfish-4.1.1\glassfish\modules\cdi-api.jar;D:\glassfish-4.1.1\glassfish\modules\javax.batch-api.jar;D:\glassfish-4.1.1\glassfish\modules\javax.ejb-api.jar;D:\glassfish-4.1.1\glassfish\modules\javax.el.jar;D:\glassfish-4.1.1\glassfish\modules\javax.enterprise.concurrent-api.jar;D:\glassfish-4.1.1\glassfish\modules\javax.enterprise.concurrent.jar;D:\glassfish-4.1.1\glassfish\modules\javax.enterprise.deploy-api.jar;D:\glassfish-4.1.1\glassfish\modules\javax.faces.jar;D:\glassfish-4.1.1\glassfish\modules\javax.inject.jar;D:\glassfish-4.1.1\glassfish\modules\javax.interceptor-api.jar;D:\glassfish-4.1.1\glassfish\modules\javax.jms-api.jar;D:\glassfish-4.1.1\glassfish\modules\javax.json.jar;D:\glassfish-4.1.1\glassfish\modules\javax.mail.jar;D:\glassfish-4.1.1\glassfish\modules\javax.management.j2ee-api.jar;D:\glassfish-4.1.1\glassfish\modules\javax.persistence.jar;D:\glassfish-4.1.1\glassfish\modules\javax.resource-api.jar;D:\glassfish-4.1.1\glassfish\modules\javax.security.auth.message-api.jar;D:\glassfish-4.1.1\glassfish\modules\javax.security.jacc-api.jar;D:\glassfish-4.1.1\glassfish\modules\javax.servlet-api.jar;D:\glassfish-4.1.1\glassfish\modules\javax.servlet.jsp-api.jar;D:\glassfish-4.1.1\glassfish\modules\javax.servlet.jsp.jar;D:\glassfish-4.1.1\glassfish\modules\javax.servlet.jsp.jstl-api.jar;D:\glassfish-4.1.1\glassfish\modules\javax.servlet.jsp.jstl.jar;D:\glassfish-4.1.1\glassfish\modules\javax.transaction-api.jar;D:\glassfish-4.1.1\glassfish\modules\javax.websocket-api.jar;D:\glassfish-4.1.1\glassfish\modules\javax.ws.rs-api.jar;D:\glassfish-4.1.1\glassfish\modules\javax.xml.registry-api.jar;D:\glassfish-4.1.1\glassfish\modules\javax.xml.rpc-api.jar;D:\glassfish-4.1.1\glassfish\modules\jaxb-osgi.jar;D:\glassfish-4.1.1\glassfish\modules\webservices-osgi.jar;D:\glassfish-4.1.1\glassfish\modules\weld-osgi-bundle.jar;D:\glassfish-4.1.1\mq\lib\jaxm-api.jar" />
    <property name="webinf.dir" value="web/WEB-INF" />
    <property name="libs.javaee-api-6.0.classpath" value="C:\Program Files\NetBeans-17\netbeans\enterprise\modules\ext\javaee-api-6.0.jar" />
    <property name="libs.javaee-api-7.0.classpath" value="C:\Program Files\NetBeans-17\netbeans\enterprise\modules\ext\javaee-api-7.0.jar" />
    <property name="sun.cpu.isalist" value="amd64" />
    <property name="libs.restapi.maven-pom" value="" />
    <property name="javadoc.preview" value="true" />
    <property name="libs.jakartaee-web-api-10.0.src" value="" />
    <property name="sun.arch.data.model" value="64" />
    <property name="libs.jakartaee-web-api-9.0.maven-pom" value="" />
    <property name="libs.javaee-endorsed-api-7.0.src" value="" />
    <property name="annotation.processing.enabled" value="true" />
    <property name="libs.junit_5.src" value="C:\Program Files\NetBeans-17\netbeans\platform\docs\junit-jupiter-api-5.6.0-sources.jar;C:\Program Files\NetBeans-17\netbeans\platform\docs\junit-jupiter-params-5.6.0-sources.jar;C:\Program Files\NetBeans-17\netbeans\platform\docs\junit-jupiter-engine-5.6.0-sources.jar" />
    <property name="file.reference.jakarta.servlet.jsp.jstl-api-2.0.0.jar-1" value="D:\AzanShop (1)\AzanShop\lib\jakarta.servlet.jsp.jstl-api-2.0.0.jar" />
    <property name="libs.jaxb.classpath" value="C:\Program Files\NetBeans-17\netbeans\ide\modules\ext\jaxb\jaxb-impl.jar;C:\Program Files\NetBeans-17\netbeans\ide\modules\ext\jaxb\jaxb-xjc.jar;C:\Program Files\NetBeans-17\netbeans\ide\modules\ext\jaxb\activation.jar;C:\Program Files\NetBeans-17\netbeans\ide\modules\ext\jaxb\api\jaxb-api.jar" />
    <property name="libs.javaee-api-8.0.classpath" value="C:\Program Files\NetBeans-17\netbeans\enterprise\modules\ext\javaee-api-8.0.jar" />
    <property name="libs.CopyLibs.src" value="" />
    <property name="javac.source" value="1.8" />
    <property name="java.specification.vendor" value="Oracle Corporation" />
    <property name="java.version.date" value="2023-10-17" />
    <property name="java.home" value="C:\Program Files\Java\jdk-17" />
    <property name="jna.boot.library.name" value="jnidispatch-nb" />
    <property name="libs.PostgreSQLDriver.classpath" value="C:\Program Files\NetBeans-17\netbeans\ide\modules\ext\postgresql-42.2.16.jar" />
    <property name="libs.graaljs.javadoc" value="" />
    <property name="libs.spring-webmvc3.0.javadoc" value="" />
    <property name="libs.JAXB-ENDORSED.src" value="" />
    <property name="do.display.browser.debug" value="true" />
    <property name="user.script" value="" />
    <property name="libs.spring-framework400.src" value="" />
    <property name="compile.jsps" value="false" />
    <property name="sun.management.compiler" value="HotSpot 64-Bit Tiered Compilers" />
    <property name="libs.javaee-web-api-6.0.classpath" value="C:\Program Files\NetBeans-17\netbeans\enterprise\modules\ext\javaee-web-api-6.0.jar" />
    <property name="libs.graaljs.classpath" value="C:\Program Files\NetBeans-17\netbeans\webcommon\modules\ext\js-20.3.0.jar;C:\Program Files\NetBeans-17\netbeans\webcommon\modules\ext\js-launcher-20.3.0.jar;C:\Program Files\NetBeans-17\netbeans\webcommon\modules\ext\regex-20.3.0.jar;C:\Program Files\NetBeans-17\netbeans\webcommon\modules\ext\icu4j-67.1.jar;C:\Program Files\NetBeans-17\netbeans\ide\modules\ext\graal-sdk-20.3.0.jar;C:\Program Files\NetBeans-17\netbeans\ide\modules\ext\launcher-common-20.3.0.jar;C:\Program Files\NetBeans-17\netbeans\ide\modules\ext\truffle-api-20.3.0.jar" />
    <property name="libs.jsp-compiler.javadoc" value="" />
    <property name="libs.javaee-web-api-7.0.classpath" value="C:\Program Files\NetBeans-17\netbeans\enterprise\modules\ext\javaee-web-api-7.0.jar" />
    <property name="file.reference.sqljdbc4-3.0.jar" value="D:\AzanShop (1)\AzanShop\lib\sqljdbc42.jar" />
    <property name="file.encoding" value="Cp1252" />
    <property name="j2ee.deploy.on.save" value="false" />
    <property name="java.util.logging.config.class" value="org.netbeans.core.startup.TopLogging" />
    <property name="libs.Comet-GlassFish-v3.maven-pom" value="" />
    <property name="libs.restlib.javadoc" value="" />
    <property name="build.web.dir" value="build/web" />
    <property name="libs.absolutelayout.classpath" value="C:\Program Files\NetBeans-17\netbeans\java\modules\ext\AbsoluteLayout.jar" />
    <property name="libs.struts.maven-pom" value="" />
    <property name="browser.context" value="D:\AzanShop (1)\AzanShop\test\dal\ProductDBContextTest.java" />
    <property name="nb.native.filechooser" value="false" />
    <property name="file.reference.sqljdbc42.jar-1" value="D:\AzanShop (1)\AzanShop\lib\sqljdbc42.jar" />
    <property name="libs.testng.src" value="" />
    <property name="platform.active" value="default_platform" />
    <property name="libs.javaee-web-api-8.0.classpath" value="C:\Program Files\NetBeans-17\netbeans\enterprise\modules\ext\javaee-web-api-8.0.jar" />
    <property name="sun.io.unicode.encoding" value="UnicodeLittle" />
    <property name="libs.struts.javadoc" value="C:\Program Files\NetBeans-17\netbeans\enterprise\docs\struts-1.3.10-javadoc.zip" />
    <property name="default.javac.source" value="17" />
    <property name="libs.javaee-web-api-8.0.javadoc" value="C:\Program Files\NetBeans-17\netbeans\enterprise\docs\javaee-doc-api.jar" />
    <property name="netbeans.dynamic.classpath" value="C:\Program Files\NetBeans-17\netbeans\platform\core\asm-9.4.jar;C:\Program Files\NetBeans-17\netbeans\platform\core\asm-commons-9.4.jar;C:\Program Files\NetBeans-17\netbeans\platform\core\asm-tree-9.4.jar;C:\Program Files\NetBeans-17\netbeans\platform\core\core-base.jar;C:\Program Files\NetBeans-17\netbeans\platform\core\core.jar;C:\Program Files\NetBeans-17\netbeans\platform\core\org-netbeans-libs-asm.jar;C:\Program Files\NetBeans-17\netbeans\platform\core\org-openide-filesystems-compat8.jar;C:\Program Files\NetBeans-17\netbeans\platform\core\org-openide-filesystems.jar;C:\Program Files\NetBeans-17\netbeans\nb\core\org-netbeans-upgrader.jar;C:\Program Files\NetBeans-17\netbeans\nb\core\locale\core_nb.jar" />
    <property name="flatlaf.nativeLibraryPath" value="system" />
    <property name="libs.eclipselinkmodelgen.classpath" value="C:\Program Files\NetBeans-17\netbeans\java\modules\ext\eclipselink\org.eclipse.persistence.jpa.modelgen.processor-2.7.10.jar" />
    <property name="netbeans.buildnumber" value="17-ac2b269fa33a277ff09bc424fb9a5a8c63ed2194" />
    <property name="endorsed.classpath.cmd.line.arg" value="" />
    <property name="source.root" value="src" />
    <property name="libs.jpa20-persistence.maven-pom" value="" />
    <property name="os.name" value="Windows 10" />
    <property name="libs.CopyLibs.maven-pom" value="" />
    <property name="libs.jakartaee-api-8.0.maven-pom" value="" />
    <property name="jdkBug6558476" value="false" />
    <property name="javadoc.author" value="false" />
    <property name="libs.jsp-compilation-syscp.javadoc" value="" />
    <property name="source.encoding" value="UTF-8" />
    <property name="jar.compress" value="false" />
    <property name="libs.javaee-api-7.0.javadoc" value="C:\Program Files\NetBeans-17\netbeans\enterprise\docs\javaee-doc-api.jar" />
    <property name="flatlaf.updateUIOnSystemFontChange" value="false" />
    <property name="libs.spring-webmvc5.0.src" value="" />
    <property name="libs.jsf20.maven-pom" value="" />
    <property name="libs.restlib.classpath" value="C:\Program Files\NetBeans-17\netbeans\enterprise\modules\ext\jersey2\jakarta.annotation-api-1.3.5.jar;C:\Program Files\NetBeans-17\netbeans\enterprise\modules\ext\jersey2\jakarta.persistence-api-2.2.3.jar;C:\Program Files\NetBeans-17\netbeans\enterprise\modules\ext\jersey2\jakarta.servlet-api-4.0.4.jar;C:\Program Files\NetBeans-17\netbeans\enterprise\modules\ext\jersey2\jakarta.validation-api-2.0.2.jar;C:\Program Files\NetBeans-17\netbeans\enterprise\modules\ext\jersey2\jakarta.xml.bind-api-2.3.3.jar;C:\Program Files\NetBeans-17\netbeans\enterprise\modules\ext\jersey2\jersey-client-2.34.jar;C:\Program Files\NetBeans-17\netbeans\enterprise\modules\ext\jersey2\jersey-common-2.34.jar;C:\Program Files\NetBeans-17\netbeans\enterprise\modules\ext\jersey2\jersey-server-2.34.jar;C:\Program Files\NetBeans-17\netbeans\enterprise\modules\ext\jersey2\jersey-entity-filtering-2.34.jar;C:\Program Files\NetBeans-17\netbeans\enterprise\modules\ext\jersey2\jersey-hk2-2.34.jar;C:\Program Files\NetBeans-17\netbeans\enterprise\modules\ext\jersey2\jersey-media-moxy-2.34.jar;C:\Program Files\NetBeans-17\netbeans\enterprise\modules\ext\jersey2\jersey-container-servlet-2.34.jar;C:\Program Files\NetBeans-17\netbeans\enterprise\modules\ext\jersey2\jersey-container-servlet-core-2.34.jar;C:\Program Files\NetBeans-17\netbeans\enterprise\modules\ext\jersey2\hk2-api-2.6.1.jar;C:\Program Files\NetBeans-17\netbeans\enterprise\modules\ext\jersey2\hk2-locator-2.6.1.jar;C:\Program Files\NetBeans-17\netbeans\enterprise\modules\ext\jersey2\hk2-utils-2.6.1.jar;C:\Program Files\NetBeans-17\netbeans\enterprise\modules\ext\jersey2\jakarta.inject-2.6.1.jar;C:\Program Files\NetBeans-17\netbeans\enterprise\modules\ext\jersey2\aopalliance-repackaged-2.6.1.jar;C:\Program Files\NetBeans-17\netbeans\enterprise\modules\ext\jersey2\osgi.core-8.0.0.jar;C:\Program Files\NetBeans-17\netbeans\enterprise\modules\ext\jersey2\osgi-resource-locator-1.0.3.jar;C:\Program Files\NetBeans-17\netbeans\java\modules\ext\eclipselink\org.eclipse.persistence.core-2.7.10.jar;C:\Program Files\NetBeans-17\netbeans\java\modules\ext\eclipselink\org.eclipse.persistence.asm-9.2.0.jar;C:\Program Files\NetBeans-17\netbeans\java\modules\ext\eclipselink\org.eclipse.persistence.antlr-2.7.10.jar;C:\Program Files\NetBeans-17\netbeans\java\modules\ext\eclipselink\org.eclipse.persistence.jpa-2.7.10.jar;C:\Program Files\NetBeans-17\netbeans\java\modules\ext\eclipselink\org.eclipse.persistence.jpa.jpql-2.7.10.jar;C:\Program Files\NetBeans-17\netbeans\java\modules\ext\eclipselink\org.eclipse.persistence.moxy-2.7.10.jar" />
    <property name="libs.jakartaee-web-api-8.0.javadoc" value="C:\Program Files\NetBeans-17\netbeans\enterprise\docs\jakartaee8-doc-api.jar" />
    <property name="apple.awt.graphics.UseQuartz" value="true" />
    <property name="libs.graaljs.src" value="" />
    <property name="libs.primefaces.src" value="" />
    <property name="j2ee.server.type" value="Tomcat" />
    <property name="ant.file" value="D:\AzanShop (1)\AzanShop\build.xml" />
    <property name="libs.struts.src" value="" />
    <property name="path.separator" value=";" />
    <property name="libs.JAXB-ENDORSED.classpath" value="C:\Program Files\NetBeans-17\netbeans\ide\modules\ext\jaxb\api\jaxb-api.jar" />
    <property name="libs.restlib.src" value="" />
    <property name="build.test.results.dir" value="build/test/results" />
    <property name="libs.jaxws21.javadoc" value="C:\Program Files\NetBeans-17\netbeans\java\docs\jaxws-api-doc.zip" />
    <property name="libs.javaee-endorsed-api-6.0.javadoc" value="C:\Program Files\NetBeans-17\netbeans\enterprise\docs\javaee-doc-api.jar" />
    <property name="libs.spring-framework400.maven-pom" value="" />
    <property name="ap.processors.internal" value="" />
    <property name="libs.spring-webmvc5.0.javadoc" value="" />
    <property name="libs.jsf12.classpath" value="C:\Program Files\NetBeans-17\netbeans\enterprise\modules\ext\jsf-1_2\jsf-api.jar;C:\Program Files\NetBeans-17\netbeans\enterprise\modules\ext\jsf-1_2\jsf-impl.jar" />
    <property name="libs.Comet-GlassFish-v3.src" value="" />
    <property name="libs.hamcrest.javadoc" value="" />
    <property name="libs.spring-framework400.javadoc" value="" />
    <property name="java.vm.info" value="mixed mode, sharing" />
    <property name="libs.primefaces.classpath" value="C:\Program Files\NetBeans-17\netbeans\enterprise\modules\ext\primefaces\primefaces-5.0.jar" />
    <property name="libs.jaxws21.maven-pom" value="" />
    <property name="build.meta.inf.dir" value="build/web/META-INF" />
    <property name="file.reference.sqljdbc42.jar" value="D:\AzanShop (1)\AzanShop\lib\sqljdbc42.jar" />
    <property name="run.test.classpath" value="D:\AzanShop (1)\AzanShop\lib\jakarta.servlet.jsp.jstl-2.0.0.jar:D:\AzanShop (1)\AzanShop\lib\jakarta.servlet.jsp.jstl-api-2.0.0.jar:D:\AzanShop (1)\AzanShop\lib\jaxb-api-2.1.jar:D:\AzanShop (1)\AzanShop\lib\sqljdbc42.jar:D:\AzanShop (1)\AzanShop\lib\jakarta.servlet.jsp.jstl-2.0.0.jar:D:\AzanShop (1)\AzanShop\lib\jakarta.servlet.jsp.jstl-api-2.0.0.jar:D:\AzanShop (1)\AzanShop\lib\jaxb-api-2.1.jar:D:\AzanShop (1)\AzanShop\lib\sqljdbc42.jar:D:\AzanShop (1)\AzanShop\lib\sqljdbc42.jar:build/web/WEB-INF/classes:C:\Program Files\NetBeans-17\netbeans\platform\modules\ext\junit-4.13.2.jar:C:\Program Files\NetBeans-17\netbeans\platform\modules\ext\hamcrest-core-1.3.jar:build/test/classes" />
    <property name="javadoc.encoding.used" value="UTF-8" />
    <property name="java.class.version" value="61.0" />
    <property name="src.dir" value="src/java" />
    <property name="ant.project.default-target" value="default" />
    <property name="debug.classpath" value="build/web/WEB-INF/classes:D:\AzanShop (1)\AzanShop\lib\jakarta.servlet.jsp.jstl-2.0.0.jar:D:\AzanShop (1)\AzanShop\lib\jakarta.servlet.jsp.jstl-api-2.0.0.jar:D:\AzanShop (1)\AzanShop\lib\jaxb-api-2.1.jar:D:\AzanShop (1)\AzanShop\lib\sqljdbc42.jar:D:\AzanShop (1)\AzanShop\lib\jakarta.servlet.jsp.jstl-2.0.0.jar:D:\AzanShop (1)\AzanShop\lib\jakarta.servlet.jsp.jstl-api-2.0.0.jar:D:\AzanShop (1)\AzanShop\lib\jaxb-api-2.1.jar:D:\AzanShop (1)\AzanShop\lib\sqljdbc42.jar:D:\AzanShop (1)\AzanShop\lib\sqljdbc42.jar" />
    <property name="excludes" value="" />
    <property name="web.docbase.dir" value="web" />
    <property name="libs.javaee-api-7.0.src" value="" />
    <property name="ant.file.AzanShop" value="D:\AzanShop (1)\AzanShop\build.xml" />
    <property name="libs.junit_4.javadoc" value="C:\Program Files\NetBeans-17\netbeans\platform\docs\junit-4.13.2-javadoc.jar" />
    <property name="sun.jnu.encoding" value="Cp1252" />
    <property name="libs.spring-webmvc4.0.src" value="" />
    <property name="sun.java2d.dpiaware" value="true" />
    <property name="libs.jsf20.javadoc" value="C:\Program Files\NetBeans-17\netbeans\enterprise\docs\javaee-doc-api.jar" />
    <property name="libs.JAVADB_DRIVER_LABEL.classpath" value="D:\glassfish-4.1.1\javadb\lib\derby.jar;D:\glassfish-4.1.1\javadb\lib\derbyclient.jar;D:\glassfish-4.1.1\javadb\lib\derbynet.jar" />
    <property name="netbeans.importclass" value="org.netbeans.upgrade.AutoUpgrade" />
    <property name="netbeans.autoupdate.version" value="1.23" />
    <property name="j2ee.platform.is.jsr109" value="true" />
    <property name="empty.dir" value="D:\AzanShop (1)\AzanShop\build\empty" />
    <property name="libs.jakartaee-api-10.0.classpath" value="C:\Program Files\NetBeans-17\netbeans\enterprise\modules\ext\jakarta.jakartaee-api-10.0.0.jar" />
    <property name="netbeans.user" value="C:\Users\viet1\AppData\Roaming\NetBeans\17" />
    <property name="file.separator" value="\" />
    <property name="line.separator" value="&#xd;&#xa;" />
    <property name="javadoc.additionalparam" value="" />
    <property name="libs.spring-webmvc5.0.classpath" value="C:\Program Files\NetBeans-17\netbeans\java\modules\ext\spring-5\spring-webmvc-5.2.9.RELEASE.jar" />
    <property name="javac.debug" value="true" />
    <property name="libs.restlib.maven-pom" value="" />
    <property name="libs.testng.classpath" value="C:\Program Files\NetBeans-17\netbeans\platform\modules\ext\testng-6.14.3.jar;C:\Program Files\NetBeans-17\netbeans\platform\modules\ext\jcommander-1.78.jar" />
    <property name="libs.jsp-compiler.src" value="" />
    <property name="libs.Java-EE-GlassFish-v3-Prelude.src" value="" />
    <property name="user.name" value="ADMIN" />
    <property name="build.classes.dir" value="build/web/WEB-INF/classes" />
    <property name="javadoc.windowtitle" value="" />
    <property name="nb.junit.single" value="false" />
    <property name="nb.internal.action.name" value="test.single" />
    <property name="libs.javaee-api-8.0.maven-pom" value="" />
    <property name="runmain.jvmargs" value="" />
    <property name="libs.jaxws21.src" value="" />
    <property name="libs.jakartaee-web-api-9.0.javadoc" value="C:\Program Files\NetBeans-17\netbeans\enterprise\docs\jakartaee9-doc-api.jar" />
    <property name="jna.loaded" value="true" />
    <property name="libs.junit_5.maven-pom" value="" />
    <property name="libs.jpa20-persistence.javadoc" value="C:\Program Files\NetBeans-17\netbeans\java\modules\ext\docs\jakarta.persistence-2.2.3-doc.zip" />
    <property name="ant.junit.enabletestlistenerevents" value="true" />
    <property name="libs.JWSAntTasks.src" value="" />
    <property name="ant.home" value="C:\Program Files\NetBeans-17\netbeans\extide\ant" />
    <property name="libs.spring-webmvc3.0.src" value="" />
    <property name="debug.test.classpath" value="D:\AzanShop (1)\AzanShop\lib\jakarta.servlet.jsp.jstl-2.0.0.jar:D:\AzanShop (1)\AzanShop\lib\jakarta.servlet.jsp.jstl-api-2.0.0.jar:D:\AzanShop (1)\AzanShop\lib\jaxb-api-2.1.jar:D:\AzanShop (1)\AzanShop\lib\sqljdbc42.jar:D:\AzanShop (1)\AzanShop\lib\jakarta.servlet.jsp.jstl-2.0.0.jar:D:\AzanShop (1)\AzanShop\lib\jakarta.servlet.jsp.jstl-api-2.0.0.jar:D:\AzanShop (1)\AzanShop\lib\jaxb-api-2.1.jar:D:\AzanShop (1)\AzanShop\lib\sqljdbc42.jar:D:\AzanShop (1)\AzanShop\lib\sqljdbc42.jar:build/web/WEB-INF/classes:C:\Program Files\NetBeans-17\netbeans\platform\modules\ext\junit-4.13.2.jar:C:\Program Files\NetBeans-17\netbeans\platform\modules\ext\hamcrest-core-1.3.jar:build/test/classes" />
    <property name="have.tests" value="true" />
    <property name="testng.debug.mode" value="" />
    <property name="file.reference.jakarta.servlet.jsp.jstl-2.0.0.jar" value="D:\AzanShop (1)\AzanShop\lib\jakarta.servlet.jsp.jstl-2.0.0.jar" />
    <property name="javac.target" value="1.8" />
    <property name="ant.version" value="Apache Ant(TM) version 1.10.8 compiled on May 10 2020" />
    <property name="libs.EclipseLink-GlassFish-v3.javadoc" value="C:\Program Files\NetBeans-17\netbeans\enterprise\docs\javaee-doc-api.jar" />
    <property name="libs.absolutelayout.maven-pom" value="" />
    <property name="libs.spring-framework500.src" value="" />
    <property name="user.properties.file" value="C:\Users\viet1\AppData\Roaming\NetBeans\17\build.properties" />
    <property name="libs.javaee-api-6.0.src" value="" />
    <property name="javac.includes" value="dal/ProductDBContextTest.java" />
    <property name="libs.EclipseLink-GlassFish-v3.maven-pom" value="" />
    <property name="netbeans.autoupdate.country" value="US" />
    <property name="persistence.xml.dir" value="src/conf" />
    <property name="java.class.path" value="D:\AzanShop (1)\AzanShop\lib\jakarta.servlet.jsp.jstl-2.0.0.jar;D:\AzanShop (1)\AzanShop\lib\jakarta.servlet.jsp.jstl-api-2.0.0.jar;D:\AzanShop (1)\AzanShop\lib\jaxb-api-2.1.jar;D:\AzanShop (1)\AzanShop\lib\sqljdbc42.jar;D:\AzanShop (1)\AzanShop\build\web\WEB-INF\classes;C:\Program Files\NetBeans-17\netbeans\platform\modules\ext\junit-4.13.2.jar;C:\Program Files\NetBeans-17\netbeans\platform\modules\ext\hamcrest-core-1.3.jar;D:\AzanShop (1)\AzanShop\build\test\classes;C:\Program Files\Apache Software Foundation\Tomcat 10.1\bin\tomcat-juli.jar;C:\Program Files\Apache Software Foundation\Tomcat 10.1\lib\annotations-api.jar;C:\Program Files\Apache Software Foundation\Tomcat 10.1\lib\catalina-ant.jar;C:\Program Files\Apache Software Foundation\Tomcat 10.1\lib\catalina-ha.jar;C:\Program Files\Apache Software Foundation\Tomcat 10.1\lib\catalina-ssi.jar;C:\Program Files\Apache Software Foundation\Tomcat 10.1\lib\catalina-storeconfig.jar;C:\Program Files\Apache Software Foundation\Tomcat 10.1\lib\catalina-tribes.jar;C:\Program Files\Apache Software Foundation\Tomcat 10.1\lib\catalina.jar;C:\Program Files\Apache Software Foundation\Tomcat 10.1\lib\ecj-4.27.jar;C:\Program Files\Apache Software Foundation\Tomcat 10.1\lib\el-api.jar;C:\Program Files\Apache Software Foundation\Tomcat 10.1\lib\jakartaee-migration-1.0.7-shaded.jar;C:\Program Files\Apache Software Foundation\Tomcat 10.1\lib\jasper-el.jar;C:\Program Files\Apache Software Foundation\Tomcat 10.1\lib\jasper.jar;C:\Program Files\Apache Software Foundation\Tomcat 10.1\lib\jaspic-api.jar;C:\Program Files\Apache Software Foundation\Tomcat 10.1\lib\jsp-api.jar;C:\Program Files\Apache Software Foundation\Tomcat 10.1\lib\servlet-api.jar;C:\Program Files\Apache Software Foundation\Tomcat 10.1\lib\tomcat-api.jar;C:\Program Files\Apache Software Foundation\Tomcat 10.1\lib\tomcat-coyote.jar;C:\Program Files\Apache Software Foundation\Tomcat 10.1\lib\tomcat-dbcp.jar;C:\Program Files\Apache Software Foundation\Tomcat 10.1\lib\tomcat-i18n-cs.jar;C:\Program Files\Apache Software Foundation\Tomcat 10.1\lib\tomcat-i18n-de.jar;C:\Program Files\Apache Software Foundation\Tomcat 10.1\lib\tomcat-i18n-es.jar;C:\Program Files\Apache Software Foundation\Tomcat 10.1\lib\tomcat-i18n-fr.jar;C:\Program Files\Apache Software Foundation\Tomcat 10.1\lib\tomcat-i18n-ja.jar;C:\Program Files\Apache Software Foundation\Tomcat 10.1\lib\tomcat-i18n-ko.jar;C:\Program Files\Apache Software Foundation\Tomcat 10.1\lib\tomcat-i18n-pt-BR.jar;C:\Program Files\Apache Software Foundation\Tomcat 10.1\lib\tomcat-i18n-ru.jar;C:\Program Files\Apache Software Foundation\Tomcat 10.1\lib\tomcat-i18n-zh-CN.jar;C:\Program Files\Apache Software Foundation\Tomcat 10.1\lib\tomcat-jdbc.jar;C:\Program Files\Apache Software Foundation\Tomcat 10.1\lib\tomcat-jni.jar;C:\Program Files\Apache Software Foundation\Tomcat 10.1\lib\tomcat-util-scan.jar;C:\Program Files\Apache Software Foundation\Tomcat 10.1\lib\tomcat-util.jar;C:\Program Files\Apache Software Foundation\Tomcat 10.1\lib\tomcat-websocket.jar;C:\Program Files\Apache Software Foundation\Tomcat 10.1\lib\websocket-api.jar;C:\Program Files\Apache Software Foundation\Tomcat 10.1\lib\websocket-client-api.jar;C:\Program Files\NetBeans-17\netbeans\extide\ant\lib\ant-launcher.jar;C:\Program Files\NetBeans-17\netbeans\extide\ant\lib\ant.jar;C:\Program Files\NetBeans-17\netbeans\extide\ant\lib\ant-junit.jar;C:\Program Files\NetBeans-17\netbeans\extide\ant\lib\ant-junit4.jar" />
    <property name="libs.javaee-web-api-6.0.maven-pom" value="" />
    <property name="java.vm.vendor" value="Oracle Corporation" />
    <property name="ap.supported.internal" value="true" />
    <property name="user.variant" value="" />
    <property name="conf.dir" value="src/conf" />
    <property name="netbeans.home+have.tests" value="true" />
    <property name="test.binaryexcludes" value="" />
    <property name="javac.compilerargs" value="" />
    <property name="libs.jstl.maven-pom" value="" />
    <property name="libs.jakartaee-web-api-8.0.src" value="" />
    <property name="has.custom.manifest" value="true" />
    <property name="sun.cpu.endian" value="little" />
    <property name="libs.junit_4.src" value="C:\Program Files\NetBeans-17\netbeans\platform\docs\junit-4.13.2-sources.jar" />
    <property name="libs.jakartaee-api-9.0.src" value="" />
    <property name="user.language" value="en" />
    <property name="resource.dir" value="setup" />
    <property name="maven.defaultProjectBuilder.disableGlobalModelCache" value="true" />
    <property name="libs.javaee-web-api-6.0.src" value="" />
    <property name="javadoc.nonavbar" value="false" />
    <property name="libs.javaee-api-8.0.src" value="" />
    <property name="ant.java.version" value="17" />
    <property name="libs.junit_4.classpath" value="C:\Program Files\NetBeans-17\netbeans\platform\modules\ext\junit-4.13.2.jar" />
    <property name="libs.jakartaee-api-9.0.javadoc" value="C:\Program Files\NetBeans-17\netbeans\enterprise\docs\jakartaee9-doc-api.jar" />
    <property name="libs.EclipseLink-GlassFish-v3.classpath" value="D:\glassfish-4.1.1\glassfish\modules\org.eclipse.persistence.antlr.jar;D:\glassfish-4.1.1\glassfish\modules\org.eclipse.persistence.asm.jar;D:\glassfish-4.1.1\glassfish\modules\org.eclipse.persistence.core.jar;D:\glassfish-4.1.1\glassfish\modules\org.eclipse.persistence.dbws.jar;D:\glassfish-4.1.1\glassfish\modules\org.eclipse.persistence.jpa.jar;D:\glassfish-4.1.1\glassfish\modules\org.eclipse.persistence.jpa.jpql.jar;D:\glassfish-4.1.1\glassfish\modules\org.eclipse.persistence.jpa.modelgen.processor.jar;D:\glassfish-4.1.1\glassfish\modules\org.eclipse.persistence.moxy.jar;D:\glassfish-4.1.1\glassfish\modules\org.eclipse.persistence.oracle.jar;D:\glassfish-4.1.1\glassfish\modules\javax.persistence.jar" />
    <property name="dist.war" value="dist/AzanShop.war" />
    <property name="war.content.additional" value="" />
    <property name="test.binarytestincludes" value="" />
    <property name="sun.awt.keepWorkingSetOnMinimize" value="true" />
    <property name="libs.spring-webmvc5.0.maven-pom" value="" />
    <property name="libs.junit_4.maven-pom" value="" />
    <property name="libs.jsp-compiler.maven-pom" value="" />
    <property name="libs.jakartaee-web-api-10.0.javadoc" value="C:\Program Files\NetBeans-17\netbeans\enterprise\docs\jakartaee10-doc-api.jar" />
    <property name="javac.classpath" value="D:\AzanShop (1)\AzanShop\lib\jakarta.servlet.jsp.jstl-2.0.0.jar:D:\AzanShop (1)\AzanShop\lib\jakarta.servlet.jsp.jstl-api-2.0.0.jar:D:\AzanShop (1)\AzanShop\lib\jaxb-api-2.1.jar:D:\AzanShop (1)\AzanShop\lib\sqljdbc42.jar:D:\AzanShop (1)\AzanShop\lib\jakarta.servlet.jsp.jstl-2.0.0.jar:D:\AzanShop (1)\AzanShop\lib\jakarta.servlet.jsp.jstl-api-2.0.0.jar:D:\AzanShop (1)\AzanShop\lib\jaxb-api-2.1.jar:D:\AzanShop (1)\AzanShop\lib\sqljdbc42.jar:D:\AzanShop (1)\AzanShop\lib\sqljdbc42.jar" />
    <property name="libs.jakartaee-web-api-8.0.classpath" value="C:\Program Files\NetBeans-17\netbeans\enterprise\modules\ext\jakarta.jakartaee-web-api-8.0.0.jar" />
    <property name="nb.junit.batch" value="true" />
    <property name="libs.JAVADB_DRIVER_LABEL.maven-pom" value="" />
    <property name="libs.jakartaee-web-api-10.0.maven-pom" value="" />
    <property name="build.test.classes.dir" value="build/test/classes" />
    <property name="libs.spring-framework300.maven-pom" value="" />
    <property name="ant.project.invoked-targets" value="test-single" />
    <property name="libs.jstl.classpath" value="C:\Program Files\NetBeans-17\netbeans\enterprise\modules\ext\jstl-impl.jar;C:\Program Files\NetBeans-17\netbeans\enterprise\modules\ext\jstl-api.jar" />
    <property name="ap.cmd.line.internal" value="" />
    <property name="client.urlPart" value="home" />
    <property name="libs.PostgreSQLDriver.src" value="" />
    <property name="java.vendor.url.bug" value="https://bugreport.java.com/bugreport/" />
    <property name="ant.file.AzanShop-impl" value="D:\AzanShop (1)\AzanShop\nbproject\build-impl.xml" />
    <property name="annotation.processing.source.output" value="build/generated-sources/ap-source-output" />
    <property name="libs.javaee-endorsed-api-6.0.maven-pom" value="" />
    <property name="user.dir" value="D:\AzanShop (1)\AzanShop" />
    <property name="no.dist.ear.dir" value="true" />
    <property name="org.xml.sax.driver" value="com.sun.org.apache.xerces.internal.jaxp.SAXParserImpl$JAXPSAXParser" />
    <property name="libs.jakartaee-web-api-8.0.maven-pom" value="" />
    <property name="libs.eclipselink.src" value="" />
    <property name="java.vm.version" value="17.0.9+11-LTS-201" />
    <property name="libs.metro.javadoc" value="C:\Program Files\NetBeans-17\netbeans\enterprise\docs\webservices-api-javadoc.jar;C:\Program Files\NetBeans-17\netbeans\enterprise\docs\webservices-extra-javadoc.jar;C:\Program Files\NetBeans-17\netbeans\enterprise\docs\webservices-extra-api-javadoc.jar;C:\Program Files\NetBeans-17\netbeans\enterprise\docs\webservices-rt-javadoc.jar;C:\Program Files\NetBeans-17\netbeans\enterprise\docs\webservices-tools-javadoc.jar" />
    <property name="libs.jakartaee-web-api-9.0.src" value="" />
    <property name="libs.jakartaee-web-api-10.0.classpath" value="C:\Program Files\NetBeans-17\netbeans\enterprise\modules\ext\jakarta.jakartaee-web-api-10.0.0.jar" />
    <property name="sun.awt.datatransfer.timeout" value="1000" />
    <property name="test.class" value="dal.ProductDBContextTest" />
    <property name="annotation.processing.run.all.processors" value="true" />
    <property name="libs.jsp-compiler.classpath" value="C:\Program Files\NetBeans-17\netbeans\enterprise\ant\extra\jspcompile.jar" />
    <property name="libs.jakartaee-api-8.0.src" value="" />
    <property name="war.name" value="AzanShop.war" />
    <property name="libs.javaee-web-api-7.0.src" value="" />
    <property name="libs.javaee-endorsed-api-6.0.classpath" value="C:\Program Files\NetBeans-17\netbeans\enterprise\modules\ext\javaee6-endorsed\javax.annotation.jar;C:\Program Files\NetBeans-17\netbeans\enterprise\modules\ext\javaee6-endorsed\jaxb-api-osgi.jar;C:\Program Files\NetBeans-17\netbeans\enterprise\modules\ext\javaee6-endorsed\webservices-api-osgi.jar" />
  </properties>
  <testcase classname="dal.ProductDBContextTest" name="testInsertProductWithNonExistentCategoryId" time="0.137">
    <failure message="Expected exception: java.sql.SQLException" type="junit.framework.AssertionFailedError">junit.framework.AssertionFailedError: Expected exception: java.sql.SQLException
</failure>
  </testcase>
  <testcase classname="dal.ProductDBContextTest" name="testInsertProductEmpty" time="0.039" />
  <testcase classname="dal.ProductDBContextTest" name="testUpdateProductEmpty" time="0.094">
    <failure message="Expected exception: java.lang.IllegalArgumentException" type="junit.framework.AssertionFailedError">junit.framework.AssertionFailedError: Expected exception: java.lang.IllegalArgumentException
</failure>
  </testcase>
  <testcase classname="dal.ProductDBContextTest" name="testInsertProductWithDecimalPrice" time="0.054" />
  <testcase classname="dal.ProductDBContextTest" name="testInsertProductNull" time="0.044" />
  <testcase classname="dal.ProductDBContextTest" name="testInsertProductWithExceedingMaxMoneyValue" time="0.11">
    <failure message="Expected exception: java.sql.SQLException" type="junit.framework.AssertionFailedError">junit.framework.AssertionFailedError: Expected exception: java.sql.SQLException
</failure>
  </testcase>
  <testcase classname="dal.ProductDBContextTest" name="testDeleteProductWithNullId" time="0.043" />
  <testcase classname="dal.ProductDBContextTest" name="testGetProductByCategoryIDNotExist" time="0.05" />
  <testcase classname="dal.ProductDBContextTest" name="testUpdateProductNull" time="0.025" />
  <testcase classname="dal.ProductDBContextTest" name="testGetProductByCategoryIDNull" time="0.022" />
  <testcase classname="dal.ProductDBContextTest" name="testDeleteValidProduct" time="0.03" />
  <testcase classname="dal.ProductDBContextTest" name="testInsertDuplicateProduct" time="0.04">
    <failure message="Expected exception: java.sql.SQLException" type="junit.framework.AssertionFailedError">junit.framework.AssertionFailedError: Expected exception: java.sql.SQLException
</failure>
  </testcase>
  <testcase classname="dal.ProductDBContextTest" name="testInsertValidProduct" time="0.02" />
  <testcase classname="dal.ProductDBContextTest" name="testUpdateValidProduct" time="0.028" />
  <testcase classname="dal.ProductDBContextTest" name="testDeleteProductWithNegativeId" time="0.028">
    <failure message="Expected exception: java.sql.SQLException" type="junit.framework.AssertionFailedError">junit.framework.AssertionFailedError: Expected exception: java.sql.SQLException
</failure>
  </testcase>
  <testcase classname="dal.ProductDBContextTest" name="testGetProductByValidCategoryID" time="0.034" />
  <testcase classname="dal.ProductDBContextTest" name="testInsertProductWithMaxPrice" time="0.024" />
  <testcase classname="dal.ProductDBContextTest" name="testDeleteProductNotExist" time="0.028">
    <failure message="Expected exception: java.sql.SQLException" type="junit.framework.AssertionFailedError">junit.framework.AssertionFailedError: Expected exception: java.sql.SQLException
</failure>
  </testcase>
  <testcase classname="dal.ProductDBContextTest" name="testGetProductWithNegativeCategoryId" time="0.043" />
  <testcase classname="dal.ProductDBContextTest" name="testInsertProductWithNegativePrice" time="0.031">
    <failure message="Expected exception: java.sql.SQLException" type="junit.framework.AssertionFailedError">junit.framework.AssertionFailedError: Expected exception: java.sql.SQLException
</failure>
  </testcase>
  <testcase classname="dal.ProductDBContextTest" name="testInsertProductWithZeroPrice" time="0.029" />
  <testcase classname="dal.ProductDBContextTest" name="testInsertProductWithMoreThanFourDecimalPlaces" time="0.088" />
  <system-out><![CDATA[insertProductWithNonExistentCategoryId
insertProductNull
UpdateProductEmpty
insertProductWithDecimalPrice
insertProductNull
deleteProductWithNullId
GetProductByCategoryIDNotExist
UpdateProductNull
GetProductByCategoryIDNull
deleteProduct
insertDuplicateProduct
insertProduct
UpdateValidProduct
deleteProductWithNegativeId
insertProductWithDecimalPrice
deleteProductNull
GetProductWithNegativeCategoryId
insertProductWithNegativePrice
insertProductWithZeroPrice
]]></system-out>
  <system-err><![CDATA[Jun 28, 2024 9:13:56 AM dal.ProductDBContext inSertProduct
SEVERE: null
com.microsoft.sqlserver.jdbc.SQLServerException: The INSERT statement conflicted with the FOREIGN KEY constraint "FK_product_Category". The conflict occurred in database "AzanDB", table "dbo.Category", column 'cid'.
	at com.microsoft.sqlserver.jdbc.SQLServerException.makeFromDatabaseError(SQLServerException.java:217)
	at com.microsoft.sqlserver.jdbc.SQLServerStatement.getNextResult(SQLServerStatement.java:1655)
	at com.microsoft.sqlserver.jdbc.SQLServerPreparedStatement.doExecutePreparedStatement(SQLServerPreparedStatement.java:440)
	at com.microsoft.sqlserver.jdbc.SQLServerPreparedStatement$PrepStmtExecCmd.doExecute(SQLServerPreparedStatement.java:385)
	at com.microsoft.sqlserver.jdbc.TDSCommand.execute(IOBuffer.java:7505)
	at com.microsoft.sqlserver.jdbc.SQLServerConnection.executeCommand(SQLServerConnection.java:2445)
	at com.microsoft.sqlserver.jdbc.SQLServerStatement.executeCommand(SQLServerStatement.java:191)
	at com.microsoft.sqlserver.jdbc.SQLServerStatement.executeStatement(SQLServerStatement.java:166)
	at com.microsoft.sqlserver.jdbc.SQLServerPreparedStatement.executeUpdate(SQLServerPreparedStatement.java:328)
	at dal.ProductDBContext.inSertProduct(ProductDBContext.java:378)
	at dal.ProductDBContextTest.testInsertProductWithNonExistentCategoryId(ProductDBContextTest.java:124)
	at java.base/jdk.internal.reflect.NativeMethodAccessorImpl.invoke0(Native Method)
	at java.base/jdk.internal.reflect.NativeMethodAccessorImpl.invoke(NativeMethodAccessorImpl.java:77)
	at java.base/jdk.internal.reflect.DelegatingMethodAccessorImpl.invoke(DelegatingMethodAccessorImpl.java:43)
	at java.base/java.lang.reflect.Method.invoke(Method.java:568)
	at org.junit.runners.model.FrameworkMethod$1.runReflectiveCall(FrameworkMethod.java:59)
	at org.junit.internal.runners.model.ReflectiveCallable.run(ReflectiveCallable.java:12)
	at org.junit.runners.model.FrameworkMethod.invokeExplosively(FrameworkMethod.java:56)
	at org.junit.internal.runners.statements.InvokeMethod.evaluate(InvokeMethod.java:17)
	at org.junit.internal.runners.statements.ExpectException.evaluate(ExpectException.java:19)
	at org.junit.internal.runners.statements.RunBefores.evaluate(RunBefores.java:26)
	at org.junit.internal.runners.statements.RunAfters.evaluate(RunAfters.java:27)
	at org.junit.runners.ParentRunner$3.evaluate(ParentRunner.java:306)
	at org.junit.runners.BlockJUnit4ClassRunner$1.evaluate(BlockJUnit4ClassRunner.java:100)
	at org.junit.runners.ParentRunner.runLeaf(ParentRunner.java:366)
	at org.junit.runners.BlockJUnit4ClassRunner.runChild(BlockJUnit4ClassRunner.java:103)
	at org.junit.runners.BlockJUnit4ClassRunner.runChild(BlockJUnit4ClassRunner.java:63)
	at org.junit.runners.ParentRunner$4.run(ParentRunner.java:331)
	at org.junit.runners.ParentRunner$1.schedule(ParentRunner.java:79)
	at org.junit.runners.ParentRunner.runChildren(ParentRunner.java:329)
	at org.junit.runners.ParentRunner.access$100(ParentRunner.java:66)
	at org.junit.runners.ParentRunner$2.evaluate(ParentRunner.java:293)
	at org.junit.internal.runners.statements.RunBefores.evaluate(RunBefores.java:26)
	at org.junit.internal.runners.statements.RunAfters.evaluate(RunAfters.java:27)
	at org.junit.runners.ParentRunner$3.evaluate(ParentRunner.java:306)
	at org.junit.runners.ParentRunner.run(ParentRunner.java:413)
	at junit.framework.JUnit4TestAdapter.run(JUnit4TestAdapter.java:50)
	at org.apache.tools.ant.taskdefs.optional.junit.JUnitTestRunner.run(JUnitTestRunner.java:534)
	at org.apache.tools.ant.taskdefs.optional.junit.JUnitTestRunner.launch(JUnitTestRunner.java:1196)
	at org.apache.tools.ant.taskdefs.optional.junit.JUnitTestRunner.main(JUnitTestRunner.java:1041)

Jun 28, 2024 9:13:56 AM dal.ProductDBContext inSertProduct
SEVERE: null
com.microsoft.sqlserver.jdbc.SQLServerException: Arithmetic overflow error for type money, value = 922337203685477.620000.
	at com.microsoft.sqlserver.jdbc.SQLServerException.makeFromDatabaseError(SQLServerException.java:217)
	at com.microsoft.sqlserver.jdbc.SQLServerStatement.getNextResult(SQLServerStatement.java:1655)
	at com.microsoft.sqlserver.jdbc.SQLServerPreparedStatement.doExecutePreparedStatement(SQLServerPreparedStatement.java:440)
	at com.microsoft.sqlserver.jdbc.SQLServerPreparedStatement$PrepStmtExecCmd.doExecute(SQLServerPreparedStatement.java:385)
	at com.microsoft.sqlserver.jdbc.TDSCommand.execute(IOBuffer.java:7505)
	at com.microsoft.sqlserver.jdbc.SQLServerConnection.executeCommand(SQLServerConnection.java:2445)
	at com.microsoft.sqlserver.jdbc.SQLServerStatement.executeCommand(SQLServerStatement.java:191)
	at com.microsoft.sqlserver.jdbc.SQLServerStatement.executeStatement(SQLServerStatement.java:166)
	at com.microsoft.sqlserver.jdbc.SQLServerPreparedStatement.executeUpdate(SQLServerPreparedStatement.java:328)
	at dal.ProductDBContext.inSertProduct(ProductDBContext.java:378)
	at dal.ProductDBContextTest.testInsertProductWithExceedingMaxMoneyValue(ProductDBContextTest.java:217)
	at java.base/jdk.internal.reflect.NativeMethodAccessorImpl.invoke0(Native Method)
	at java.base/jdk.internal.reflect.NativeMethodAccessorImpl.invoke(NativeMethodAccessorImpl.java:77)
	at java.base/jdk.internal.reflect.DelegatingMethodAccessorImpl.invoke(DelegatingMethodAccessorImpl.java:43)
	at java.base/java.lang.reflect.Method.invoke(Method.java:568)
	at org.junit.runners.model.FrameworkMethod$1.runReflectiveCall(FrameworkMethod.java:59)
	at org.junit.internal.runners.model.ReflectiveCallable.run(ReflectiveCallable.java:12)
	at org.junit.runners.model.FrameworkMethod.invokeExplosively(FrameworkMethod.java:56)
	at org.junit.internal.runners.statements.InvokeMethod.evaluate(InvokeMethod.java:17)
	at org.junit.internal.runners.statements.ExpectException.evaluate(ExpectException.java:19)
	at org.junit.internal.runners.statements.RunBefores.evaluate(RunBefores.java:26)
	at org.junit.internal.runners.statements.RunAfters.evaluate(RunAfters.java:27)
	at org.junit.runners.ParentRunner$3.evaluate(ParentRunner.java:306)
	at org.junit.runners.BlockJUnit4ClassRunner$1.evaluate(BlockJUnit4ClassRunner.java:100)
	at org.junit.runners.ParentRunner.runLeaf(ParentRunner.java:366)
	at org.junit.runners.BlockJUnit4ClassRunner.runChild(BlockJUnit4ClassRunner.java:103)
	at org.junit.runners.BlockJUnit4ClassRunner.runChild(BlockJUnit4ClassRunner.java:63)
	at org.junit.runners.ParentRunner$4.run(ParentRunner.java:331)
	at org.junit.runners.ParentRunner$1.schedule(ParentRunner.java:79)
	at org.junit.runners.ParentRunner.runChildren(ParentRunner.java:329)
	at org.junit.runners.ParentRunner.access$100(ParentRunner.java:66)
	at org.junit.runners.ParentRunner$2.evaluate(ParentRunner.java:293)
	at org.junit.internal.runners.statements.RunBefores.evaluate(RunBefores.java:26)
	at org.junit.internal.runners.statements.RunAfters.evaluate(RunAfters.java:27)
	at org.junit.runners.ParentRunner$3.evaluate(ParentRunner.java:306)
	at org.junit.runners.ParentRunner.run(ParentRunner.java:413)
	at junit.framework.JUnit4TestAdapter.run(JUnit4TestAdapter.java:50)
	at org.apache.tools.ant.taskdefs.optional.junit.JUnitTestRunner.run(JUnitTestRunner.java:534)
	at org.apache.tools.ant.taskdefs.optional.junit.JUnitTestRunner.launch(JUnitTestRunner.java:1196)
	at org.apache.tools.ant.taskdefs.optional.junit.JUnitTestRunner.main(JUnitTestRunner.java:1041)

Jun 28, 2024 9:13:56 AM dal.ProductDBContext inSertProduct
SEVERE: null
com.microsoft.sqlserver.jdbc.SQLServerException: Arithmetic overflow error for type money, value = 922337203685477.620000.
	at com.microsoft.sqlserver.jdbc.SQLServerException.makeFromDatabaseError(SQLServerException.java:217)
	at com.microsoft.sqlserver.jdbc.SQLServerStatement.getNextResult(SQLServerStatement.java:1655)
	at com.microsoft.sqlserver.jdbc.SQLServerPreparedStatement.doExecutePreparedStatement(SQLServerPreparedStatement.java:440)
	at com.microsoft.sqlserver.jdbc.SQLServerPreparedStatement$PrepStmtExecCmd.doExecute(SQLServerPreparedStatement.java:385)
	at com.microsoft.sqlserver.jdbc.TDSCommand.execute(IOBuffer.java:7505)
	at com.microsoft.sqlserver.jdbc.SQLServerConnection.executeCommand(SQLServerConnection.java:2445)
	at com.microsoft.sqlserver.jdbc.SQLServerStatement.executeCommand(SQLServerStatement.java:191)
	at com.microsoft.sqlserver.jdbc.SQLServerStatement.executeStatement(SQLServerStatement.java:166)
	at com.microsoft.sqlserver.jdbc.SQLServerPreparedStatement.executeUpdate(SQLServerPreparedStatement.java:328)
	at dal.ProductDBContext.inSertProduct(ProductDBContext.java:378)
	at dal.ProductDBContextTest.testInsertProductWithMaxPrice(ProductDBContextTest.java:199)
	at java.base/jdk.internal.reflect.NativeMethodAccessorImpl.invoke0(Native Method)
	at java.base/jdk.internal.reflect.NativeMethodAccessorImpl.invoke(NativeMethodAccessorImpl.java:77)
	at java.base/jdk.internal.reflect.DelegatingMethodAccessorImpl.invoke(DelegatingMethodAccessorImpl.java:43)
	at java.base/java.lang.reflect.Method.invoke(Method.java:568)
	at org.junit.runners.model.FrameworkMethod$1.runReflectiveCall(FrameworkMethod.java:59)
	at org.junit.internal.runners.model.ReflectiveCallable.run(ReflectiveCallable.java:12)
	at org.junit.runners.model.FrameworkMethod.invokeExplosively(FrameworkMethod.java:56)
	at org.junit.internal.runners.statements.InvokeMethod.evaluate(InvokeMethod.java:17)
	at org.junit.internal.runners.statements.RunBefores.evaluate(RunBefores.java:26)
	at org.junit.internal.runners.statements.RunAfters.evaluate(RunAfters.java:27)
	at org.junit.runners.ParentRunner$3.evaluate(ParentRunner.java:306)
	at org.junit.runners.BlockJUnit4ClassRunner$1.evaluate(BlockJUnit4ClassRunner.java:100)
	at org.junit.runners.ParentRunner.runLeaf(ParentRunner.java:366)
	at org.junit.runners.BlockJUnit4ClassRunner.runChild(BlockJUnit4ClassRunner.java:103)
	at org.junit.runners.BlockJUnit4ClassRunner.runChild(BlockJUnit4ClassRunner.java:63)
	at org.junit.runners.ParentRunner$4.run(ParentRunner.java:331)
	at org.junit.runners.ParentRunner$1.schedule(ParentRunner.java:79)
	at org.junit.runners.ParentRunner.runChildren(ParentRunner.java:329)
	at org.junit.runners.ParentRunner.access$100(ParentRunner.java:66)
	at org.junit.runners.ParentRunner$2.evaluate(ParentRunner.java:293)
	at org.junit.internal.runners.statements.RunBefores.evaluate(RunBefores.java:26)
	at org.junit.internal.runners.statements.RunAfters.evaluate(RunAfters.java:27)
	at org.junit.runners.ParentRunner$3.evaluate(ParentRunner.java:306)
	at org.junit.runners.ParentRunner.run(ParentRunner.java:413)
	at junit.framework.JUnit4TestAdapter.run(JUnit4TestAdapter.java:50)
	at org.apache.tools.ant.taskdefs.optional.junit.JUnitTestRunner.run(JUnitTestRunner.java:534)
	at org.apache.tools.ant.taskdefs.optional.junit.JUnitTestRunner.launch(JUnitTestRunner.java:1196)
	at org.apache.tools.ant.taskdefs.optional.junit.JUnitTestRunner.main(JUnitTestRunner.java:1041)

]]></system-err>
</testsuite>
